{"name": "TC011 - Login Using ENTER Key", "status": "broken", "statusDetails": {"message": "selenium.common.exceptions.TimeoutException: Message: \nStacktrace:\n#0 0x5ec26caea38a <unknown>\n#1 0x5ec26c5a4b0b <unknown>\n#2 0x5ec26c5f65b4 <unknown>\n#3 0x5ec26c5f67f1 <unknown>\n#4 0x5ec26c6453e4 <unknown>\n#5 0x5ec26c642748 <unknown>\n#6 0x5ec26c5e8aaf <unknown>\n#7 0x5ec26c5e97b1 <unknown>\n#8 0x5ec26cab40ef <unknown>\n#9 0x5ec26cab71c2 <unknown>\n#10 0x5ec26ca9d3a3 <unknown>\n#11 0x5ec26cab7997 <unknown>\n#12 0x5ec26ca86ade <unknown>\n#13 0x5ec26cad84e8 <unknown>\n#14 0x5ec26cad8704 <unknown>\n#15 0x5ec26cae915c <unknown>\n#16 0x760d1989caa4 <unknown>\n#17 0x760d19929c6c <unknown>", "trace": "self = <tests.test_login.TestLogin object at 0x7a1b673b8800>\n\n    @allure.title(\"TC011 - Login Using ENTER Key\")\n    def test_enter_key_login(self):\n        login_page = LoginPage(self.driver)\n        email, password = ConfigReader.get_email_password()\n        login_page.login(email, password, use_enter=True)\n>       login_page.wait_for_dashboard()\n\nroot/tests/test_login.py:110: \n_ _ _ _ _ _ _ _ _ _ _ _ _ _ _ _ _ _ _ _ _ _ _ _ _ _ _ _ _ _ _ _ _ _ _ _ _ _ _ _ _ _ _ _ _ _ _ _ _ _ _ _ _ _ _ _ _ _ _ _ _ _ _ _ _ _ _ _ _ _ _ _ _ _ _ _ _ _ _ _ _ _ _ _ _ _ _ _ _ _ _ _ _ _ _ _\nroot/pages/login_page.py:120: in wait_for_dashboard\n    self.wait_for_visible(self.dashboard_title)\nroot/base/base_page.py:50: in wait_for_visible\n    return WebDriverWait(self.driver, timeout or self.timeout).until(\n_ _ _ _ _ _ _ _ _ _ _ _ _ _ _ _ _ _ _ _ _ _ _ _ _ _ _ _ _ _ _ _ _ _ _ _ _ _ _ _ _ _ _ _ _ _ _ _ _ _ _ _ _ _ _ _ _ _ _ _ _ _ _ _ _ _ _ _ _ _ _ _ _ _ _ _ _ _ _ _ _ _ _ _ _ _ _ _ _ _ _ _ _ _ _ _\n\nself = <selenium.webdriver.support.wait.WebDriverWait (session=\"dfc175db95919fce403fe32c615435cf\")>, method = <function visibility_of_element_located.<locals>._predicate at 0x7a1b673d3920>\nmessage = ''\n\n    def until(self, method: Callable[[D], Union[Literal[False], T]], message: str = \"\") -> T:\n        \"\"\"Wait until the method returns a value that is not False.\n    \n        Calls the method provided with the driver as an argument until the\n        return value does not evaluate to ``False``.\n    \n        Parameters:\n        -----------\n        method: callable(WebDriver)\n            - A callable object that takes a WebDriver instance as an argument.\n    \n        message: str\n            - Optional message for :exc:`TimeoutException`\n    \n        Return:\n        -------\n        object: T\n            - The result of the last call to `method`\n    \n        Raises:\n        -------\n        TimeoutException\n            - If 'method' does not return a truthy value within the WebDriverWait\n            object's timeout\n    \n        Example:\n        --------\n        >>> from selenium.webdriver.common.by import By\n        >>> from selenium.webdriver.support.ui import WebDriverWait\n        >>> from selenium.webdriver.support import expected_conditions as EC\n    \n        # Wait until an element is visible on the page\n        >>> wait = WebDriverWait(driver, 10)\n        >>> element = wait.until(EC.visibility_of_element_located((By.ID, \"exampleId\")))\n        >>> print(element.text)\n        \"\"\"\n        screen = None\n        stacktrace = None\n    \n        end_time = time.monotonic() + self._timeout\n        while True:\n            try:\n                value = method(self._driver)\n                if value:\n                    return value\n            except self._ignored_exceptions as exc:\n                screen = getattr(exc, \"screen\", None)\n                stacktrace = getattr(exc, \"stacktrace\", None)\n            if time.monotonic() > end_time:\n                break\n            time.sleep(self._poll)\n>       raise TimeoutException(message, screen, stacktrace)\nE       selenium.common.exceptions.TimeoutException: Message: \nE       Stacktrace:\nE       #0 0x5ec26caea38a <unknown>\nE       #1 0x5ec26c5a4b0b <unknown>\nE       #2 0x5ec26c5f65b4 <unknown>\nE       #3 0x5ec26c5f67f1 <unknown>\nE       #4 0x5ec26c6453e4 <unknown>\nE       #5 0x5ec26c642748 <unknown>\nE       #6 0x5ec26c5e8aaf <unknown>\nE       #7 0x5ec26c5e97b1 <unknown>\nE       #8 0x5ec26cab40ef <unknown>\nE       #9 0x5ec26cab71c2 <unknown>\nE       #10 0x5ec26ca9d3a3 <unknown>\nE       #11 0x5ec26cab7997 <unknown>\nE       #12 0x5ec26ca86ade <unknown>\nE       #13 0x5ec26cad84e8 <unknown>\nE       #14 0x5ec26cad8704 <unknown>\nE       #15 0x5ec26cae915c <unknown>\nE       #16 0x760d1989caa4 <unknown>\nE       #17 0x760d19929c6c <unknown>\n\nvenv/lib/python3.12/site-packages/selenium/webdriver/support/wait.py:138: TimeoutException"}, "steps": [{"name": "Type ''admin@e2eevershop.com'' into ('xpath', \"//div[@class = 'form-field']//input[@id = 'field-email']\")", "status": "passed", "steps": [{"name": "Wait for visibility of ('xpath', \"//div[@class = 'form-field']//input[@id = 'field-email']\")", "status": "passed", "parameters": [{"name": "locator", "value": "('xpath', \"//div[@class = 'form-field']//input[@id = 'field-email']\")"}, {"name": "timeout", "value": "None"}], "start": 1764063290113, "stop": 1764063290134}], "parameters": [{"name": "locator", "value": "('xpath', \"//div[@class = 'form-field']//input[@id = 'field-email']\")"}, {"name": "text", "value": "'admin@e2eevershop.com'"}], "start": 1764063290113, "stop": 1764063290225}, {"name": "Type ''1A0F4IQUHPvgOsZ44'' into ('xpath', \"//div[@class = 'form-field']//input[@id = 'field-password']\")", "status": "passed", "steps": [{"name": "Wait for visibility of ('xpath', \"//div[@class = 'form-field']//input[@id = 'field-password']\")", "status": "passed", "parameters": [{"name": "locator", "value": "('xpath', \"//div[@class = 'form-field']//input[@id = 'field-password']\")"}, {"name": "timeout", "value": "None"}], "start": 1764063290225, "stop": 1764063290241}], "parameters": [{"name": "locator", "value": "('xpath', \"//div[@class = 'form-field']//input[@id = 'field-password']\")"}, {"name": "text", "value": "'1A0F4IQUHPvgOsZ44'"}], "start": 1764063290225, "stop": 1764063290303}, {"name": "Wait for presence of ('xpath', \"//div[@class = 'form-submit-button flex border-t border-divider mt-4 pt-4 justify-between']//button\")", "status": "passed", "parameters": [{"name": "locator", "value": "('xpath', \"//div[@class = 'form-submit-button flex border-t border-divider mt-4 pt-4 justify-between']//button\")"}, {"name": "timeout", "value": "None"}], "start": 1764063290303, "stop": 1764063290313}, {"name": "Wait for visibility of ('xpath', \"//div[@class = 'flex justify-start space-x-2 items-center']\")", "status": "broken", "statusDetails": {"message": "selenium.common.exceptions.TimeoutException: Message: \nStacktrace:\n#0 0x5ec26caea38a <unknown>\n#1 0x5ec26c5a4b0b <unknown>\n#2 0x5ec26c5f65b4 <unknown>\n#3 0x5ec26c5f67f1 <unknown>\n#4 0x5ec26c6453e4 <unknown>\n#5 0x5ec26c642748 <unknown>\n#6 0x5ec26c5e8aaf <unknown>\n#7 0x5ec26c5e97b1 <unknown>\n#8 0x5ec26cab40ef <unknown>\n#9 0x5ec26cab71c2 <unknown>\n#10 0x5ec26ca9d3a3 <unknown>\n#11 0x5ec26cab7997 <unknown>\n#12 0x5ec26ca86ade <unknown>\n#13 0x5ec26cad84e8 <unknown>\n#14 0x5ec26cad8704 <unknown>\n#15 0x5ec26cae915c <unknown>\n#16 0x760d1989caa4 <unknown>\n#17 0x760d19929c6c <unknown>\n\n", "trace": "  File \"/home/thaotran/evershop/venv/lib/python3.12/site-packages/allure_commons/_allure.py\", line 202, in impl\n    return func(*a, **kw)\n           ^^^^^^^^^^^^^^\n  File \"/home/thaotran/evershop/root/base/base_page.py\", line 50, in wait_for_visible\n    return WebDriverWait(self.driver, timeout or self.timeout).until(\n           ^^^^^^^^^^^^^^^^^^^^^^^^^^^^^^^^^^^^^^^^^^^^^^^^^^^^^^^^^^\n  File \"/home/thaotran/evershop/venv/lib/python3.12/site-packages/selenium/webdriver/support/wait.py\", line 138, in until\n    raise TimeoutException(message, screen, stacktrace)\n"}, "parameters": [{"name": "locator", "value": "('xpath', \"//div[@class = 'flex justify-start space-x-2 items-center']\")"}, {"name": "timeout", "value": "None"}], "start": 1764063290346, "stop": 1764063322453}], "attachments": [{"name": "failure_test_enter_key_login", "source": "944c6e2b-88de-480d-8310-2a00ecd09c8d-attachment.png", "type": "image/png"}], "start": 1764063290113, "stop": 1764063322453, "uuid": "60ef791a-45ff-4c0a-980d-c3556c41d778", "historyId": "2915677c5fa2d467d69ce45ae736af32", "testCaseId": "2915677c5fa2d467d69ce45ae736af32", "fullName": "root.tests.test_login.TestLogin#test_enter_key_login", "labels": [{"name": "epic", "value": "Evershop Admin"}, {"name": "feature", "value": "Admin Login"}, {"name": "parentSuite", "value": "root.tests"}, {"name": "suite", "value": "test_login"}, {"name": "subSuite", "value": "TestLogin"}, {"name": "host", "value": "Thao-QA"}, {"name": "thread", "value": "203547-MainThread"}, {"name": "framework", "value": "pytest"}, {"name": "language", "value": "cpython3"}, {"name": "package", "value": "root.tests.test_login"}], "titlePath": ["root", "tests", "test_login.py", "TestLogin"]}