{"name": "TC010 - Create a product filling all available fields (General, Media, Search Engine Optimize, Inventory, Attributes)", "status": "broken", "statusDetails": {"message": "selenium.common.exceptions.ElementClickInterceptedException: Message: element click intercepted: Element <a href=\"#\">...</a> is not clickable at point (710, 24). Other element would receive the click: <input type=\"text\" placeholder=\"Search\" class=\"!pl-7 bg-gray-50 focus:bg-white\">\n  (Session info: chrome=142.0.7444.176); For documentation on this error, please visit: https://www.selenium.dev/documentation/webdriver/troubleshooting/errors#elementclickinterceptedexception\nStacktrace:\n0   chromedriver                        0x00000001012beecc cxxbridge1$str$ptr + 2941512\n1   chromedriver                        0x00000001012b6b88 cxxbridge1$str$ptr + 2907908\n2   chromedriver                        0x0000000100dce2b0 _RNvCsgXDX2mvAJAg_7___rustc35___rust_no_alloc_shim_is_unstable_v2 + 74020\n3   chromedriver                        0x0000000100e1b3f0 _RNvCsgXDX2mvAJAg_7___rustc35___rust_no_alloc_shim_is_unstable_v2 + 389732\n4   chromedriver                        0x0000000100e1995c _RNvCsgXDX2mvAJAg_7___rustc35___rust_no_alloc_shim_is_unstable_v2 + 382928\n5   chromedriver                        0x0000000100e1776c _RNvCsgXDX2mvAJAg_7___rustc35___rust_no_alloc_shim_is_unstable_v2 + 374240\n6   chromedriver                        0x0000000100e16b64 _RNvCsgXDX2mvAJAg_7___rustc35___rust_no_alloc_shim_is_unstable_v2 + 371160\n7   chromedriver                        0x0000000100e0ba78 _RNvCsgXDX2mvAJAg_7___rustc35___rust_no_alloc_shim_is_unstable_v2 + 325868\n8   chromedriver                        0x0000000100e0b504 _RNvCsgXDX2mvAJAg_7___rustc35___rust_no_alloc_shim_is_unstable_v2 + 324472\n9   chromedriver                        0x0000000100e56d54 _RNvCsgXDX2mvAJAg_7___rustc35___rust_no_alloc_shim_is_unstable_v2 + 633800\n10  chromedriver                        0x0000000100e09ef0 _RNvCsgXDX2mvAJAg_7___rustc35___rust_no_alloc_shim_is_unstable_v2 + 318820\n11  chromedriver                        0x00000001012820c8 cxxbridge1$str$ptr + 2692164\n12  chromedriver                        0x00000001012858dc cxxbridge1$str$ptr + 2706520\n13  chromedriver                        0x000000010126284c cxxbridge1$str$ptr + 2563016\n14  chromedriver                        0x00000001012861b4 cxxbridge1$str$ptr + 2708784\n15  chromedriver                        0x00000001012540f4 cxxbridge1$str$ptr + 2503792\n16  chromedriver                        0x00000001012a5498 cxxbridge1$str$ptr + 2836500\n17  chromedriver                        0x00000001012a561c cxxbridge1$str$ptr + 2836888\n18  chromedriver                        0x00000001012b67d8 cxxbridge1$str$ptr + 2906964\n19  libsystem_pthread.dylib             0x0000000196466f94 _pthread_start + 136\n20  libsystem_pthread.dylib             0x0000000196461d34 thread_start + 8", "trace": "self = <tests.test_create_product.TestCreateProducts object at 0x10344d5e0>\n\n    @allure.title(\"TC010 - Create a product filling all available fields (General, Media, Search Engine Optimize, Inventory, Attributes)\")\n    def test_create_product(self):\n        self.create_product_page.select_category()\n        self.create_product_page.create_product_with_required_fields(self.name,\n            self.sku, self.price, self.weight, self.quantity, self.url_key, self.meta_title)\n>       self.create_product_page.add_description(self.product_description)\n\nroot/tests/test_create_product.py:131: \n_ _ _ _ _ _ _ _ _ _ _ _ _ _ _ _ _ _ _ _ _ _ _ _ _ _ _ _ _ _ _ _ _ _ _ _ _ _ _ _ _ _ _ _ _ _ _ _ _ _ _ _ _ _ _ _ _ _ _ _ _ _ _ _ _ _ _ _ _ _ _ _ _ _ _ _ _ _ _ _ _ _ _ _ _ _ _ _ _ _ _ _ \nroot/pages/products_page.py:256: in add_description\n    self.click(self.product_des_type)\nroot/base/base_page.py:109: in click\n    element.click()\nvenv/lib/python3.13/site-packages/selenium/webdriver/remote/webelement.py:119: in click\n    self._execute(Command.CLICK_ELEMENT)\nvenv/lib/python3.13/site-packages/selenium/webdriver/remote/webelement.py:572: in _execute\n    return self._parent.execute(command, params)\n           ^^^^^^^^^^^^^^^^^^^^^^^^^^^^^^^^^^^^^\nvenv/lib/python3.13/site-packages/selenium/webdriver/remote/webdriver.py:458: in execute\n    self.error_handler.check_response(response)\n_ _ _ _ _ _ _ _ _ _ _ _ _ _ _ _ _ _ _ _ _ _ _ _ _ _ _ _ _ _ _ _ _ _ _ _ _ _ _ _ _ _ _ _ _ _ _ _ _ _ _ _ _ _ _ _ _ _ _ _ _ _ _ _ _ _ _ _ _ _ _ _ _ _ _ _ _ _ _ _ _ _ _ _ _ _ _ _ _ _ _ _ \n\nself = <selenium.webdriver.remote.errorhandler.ErrorHandler object at 0x103491850>\nresponse = {'status': 400, 'value': '{\"value\":{\"error\":\"element click intercepted\",\"message\":\"element click intercepted: Element ...000196466f94 _pthread_start + 136\\\\n20  libsystem_pthread.dylib             0x0000000196461d34 thread_start + 8\\\\n\"}}'}\n\n    def check_response(self, response: dict[str, Any]) -> None:\n        \"\"\"Checks that a JSON response from the WebDriver does not have an\n        error.\n    \n        Args:\n            response: The JSON response from the WebDriver server as a dictionary\n                object.\n    \n        Raises:\n            WebDriverException: If the response contains an error message.\n        \"\"\"\n        status = response.get(\"status\", None)\n        if not status or status == ErrorCode.SUCCESS:\n            return\n        value = None\n        message = response.get(\"message\", \"\")\n        screen: str = response.get(\"screen\", \"\")\n        stacktrace = None\n        if isinstance(status, int):\n            value_json = response.get(\"value\", None)\n            if value_json and isinstance(value_json, str):\n                try:\n                    value = json.loads(value_json)\n                    if isinstance(value, dict):\n                        if len(value) == 1:\n                            value = value[\"value\"]\n                        status = value.get(\"error\", None)\n                        if not status:\n                            status = value.get(\"status\", ErrorCode.UNKNOWN_ERROR)\n                            message = value.get(\"value\") or value.get(\"message\")\n                            if not isinstance(message, str):\n                                value = message\n                                message = message.get(\"message\") if isinstance(message, dict) else None\n                        else:\n                            message = value.get(\"message\", None)\n                except ValueError:\n                    pass\n    \n        exception_class: type[WebDriverException]\n        e = ErrorCode()\n        error_codes = [item for item in dir(e) if not item.startswith(\"__\")]\n        for error_code in error_codes:\n            error_info = getattr(ErrorCode, error_code)\n            if isinstance(error_info, list) and status in error_info:\n                exception_class = getattr(ExceptionMapping, error_code, WebDriverException)\n                break\n        else:\n            exception_class = WebDriverException\n    \n        if not value:\n            value = response[\"value\"]\n        if isinstance(value, str):\n            raise exception_class(value)\n        if message == \"\" and \"message\" in value:\n            message = value[\"message\"]\n    \n        screen = None  # type: ignore[assignment]\n        if \"screen\" in value:\n            screen = value[\"screen\"]\n    \n        stacktrace = None\n        st_value = value.get(\"stackTrace\") or value.get(\"stacktrace\")\n        if st_value:\n            if isinstance(st_value, str):\n                stacktrace = st_value.split(\"\\n\")\n            else:\n                stacktrace = []\n                try:\n                    for frame in st_value:\n                        line = frame.get(\"lineNumber\", \"\")\n                        file = frame.get(\"fileName\", \"<anonymous>\")\n                        if line:\n                            file = f\"{file}:{line}\"\n                        meth = frame.get(\"methodName\", \"<anonymous>\")\n                        if \"className\" in frame:\n                            meth = f\"{frame['className']}.{meth}\"\n                        msg = \"    at %s (%s)\"\n                        msg = msg % (meth, file)\n                        stacktrace.append(msg)\n                except TypeError:\n                    pass\n        if exception_class == UnexpectedAlertPresentException:\n            alert_text = None\n            if \"data\" in value:\n                alert_text = value[\"data\"].get(\"text\")\n            elif \"alert\" in value:\n                alert_text = value[\"alert\"].get(\"text\")\n            raise exception_class(message, screen, stacktrace, alert_text)  # type: ignore[call-arg]  # mypy is not smart enough here\n>       raise exception_class(message, screen, stacktrace)\nE       selenium.common.exceptions.ElementClickInterceptedException: Message: element click intercepted: Element <a href=\"#\">...</a> is not clickable at point (710, 24). Other element would receive the click: <input type=\"text\" placeholder=\"Search\" class=\"!pl-7 bg-gray-50 focus:bg-white\">\nE         (Session info: chrome=142.0.7444.176); For documentation on this error, please visit: https://www.selenium.dev/documentation/webdriver/troubleshooting/errors#elementclickinterceptedexception\nE       Stacktrace:\nE       0   chromedriver                        0x00000001012beecc cxxbridge1$str$ptr + 2941512\nE       1   chromedriver                        0x00000001012b6b88 cxxbridge1$str$ptr + 2907908\nE       2   chromedriver                        0x0000000100dce2b0 _RNvCsgXDX2mvAJAg_7___rustc35___rust_no_alloc_shim_is_unstable_v2 + 74020\nE       3   chromedriver                        0x0000000100e1b3f0 _RNvCsgXDX2mvAJAg_7___rustc35___rust_no_alloc_shim_is_unstable_v2 + 389732\nE       4   chromedriver                        0x0000000100e1995c _RNvCsgXDX2mvAJAg_7___rustc35___rust_no_alloc_shim_is_unstable_v2 + 382928\nE       5   chromedriver                        0x0000000100e1776c _RNvCsgXDX2mvAJAg_7___rustc35___rust_no_alloc_shim_is_unstable_v2 + 374240\nE       6   chromedriver                        0x0000000100e16b64 _RNvCsgXDX2mvAJAg_7___rustc35___rust_no_alloc_shim_is_unstable_v2 + 371160\nE       7   chromedriver                        0x0000000100e0ba78 _RNvCsgXDX2mvAJAg_7___rustc35___rust_no_alloc_shim_is_unstable_v2 + 325868\nE       8   chromedriver                        0x0000000100e0b504 _RNvCsgXDX2mvAJAg_7___rustc35___rust_no_alloc_shim_is_unstable_v2 + 324472\nE       9   chromedriver                        0x0000000100e56d54 _RNvCsgXDX2mvAJAg_7___rustc35___rust_no_alloc_shim_is_unstable_v2 + 633800\nE       10  chromedriver                        0x0000000100e09ef0 _RNvCsgXDX2mvAJAg_7___rustc35___rust_no_alloc_shim_is_unstable_v2 + 318820\nE       11  chromedriver                        0x00000001012820c8 cxxbridge1$str$ptr + 2692164\nE       12  chromedriver                        0x00000001012858dc cxxbridge1$str$ptr + 2706520\nE       13  chromedriver                        0x000000010126284c cxxbridge1$str$ptr + 2563016\nE       14  chromedriver                        0x00000001012861b4 cxxbridge1$str$ptr + 2708784\nE       15  chromedriver                        0x00000001012540f4 cxxbridge1$str$ptr + 2503792\nE       16  chromedriver                        0x00000001012a5498 cxxbridge1$str$ptr + 2836500\nE       17  chromedriver                        0x00000001012a561c cxxbridge1$str$ptr + 2836888\nE       18  chromedriver                        0x00000001012b67d8 cxxbridge1$str$ptr + 2906964\nE       19  libsystem_pthread.dylib             0x0000000196466f94 _pthread_start + 136\nE       20  libsystem_pthread.dylib             0x0000000196461d34 thread_start + 8\n\nvenv/lib/python3.13/site-packages/selenium/webdriver/remote/errorhandler.py:233: ElementClickInterceptedException"}, "steps": [{"name": "Select category", "status": "passed", "steps": [{"name": "Click ('xpath', \"//div[@class = 'mt-4 relative']//a[@class = 'text-interactive']\")", "status": "passed", "parameters": [{"name": "locator", "value": "('xpath', \"//div[@class = 'mt-4 relative']//a[@class = 'text-interactive']\")"}, {"name": "timeout", "value": "None"}], "start": 1764516158844, "stop": 1764516158871}, {"name": "Click ('xpath', \"//span[text() = 'Men']/ancestor::div[contains(@class, 'grid grid-cols-8')]/descendant::button\")", "status": "passed", "parameters": [{"name": "locator", "value": "('xpath', \"//span[text() = 'Men']/ancestor::div[contains(@class, 'grid grid-cols-8')]/descendant::button\")"}, {"name": "timeout", "value": "None"}], "start": 1764516158871, "stop": 1764516159917}], "start": 1764516158844, "stop": 1764516159917}, {"name": "Verify redirect to edit page after submit", "status": "passed", "steps": [{"name": "Enter Product Name", "status": "passed", "steps": [{"name": "Type '{'max_length': 'Apart from counting words and characters, our online editor can help you to improve word choice and writing style, and, optionally, help you to detect grammar mistakes and plagiarism. To check word count, simply place your cursor into the text box above a', 'special_chars': 'Men\\'s Jacket & Special \\'Chars\\' 2025! \"<>{}[];:/', 'with_emoji': 'Winter Jacket 2025 ‚Çä‚ú©‚Äß‚ÇäÀö‡±®‡ßéÀö‚Çä‚ú©‚Äß‚Çä üòÅ', 'normal': 'Blue Jacket Premium'}' into ('xpath', \"//div[@class = 'card-session-content pt-lg']//input[@id = 'field-name']\")", "status": "passed", "steps": [{"name": "Wait for visibility of ('xpath', \"//div[@class = 'card-session-content pt-lg']//input[@id = 'field-name']\")", "status": "passed", "parameters": [{"name": "locator", "value": "('xpath', \"//div[@class = 'card-session-content pt-lg']//input[@id = 'field-name']\")"}, {"name": "timeout", "value": "None"}], "start": 1764516159917, "stop": 1764516159925}], "parameters": [{"name": "locator", "value": "('xpath', \"//div[@class = 'card-session-content pt-lg']//input[@id = 'field-name']\")"}, {"name": "text", "value": "{'max_length': 'Apart from counting words and characters, our online editor can help you to improve word choice and writing style, and, optionally, help you to detect grammar mistakes and plagiarism. To check word count, simply place your cursor into the text box above a', 'special_chars': 'Men\\'s Jacket & Special \\'Chars\\' 2025! \"<>{}[];:/', 'with_emoji': 'Winter Jacket 2025 ‚Çä‚ú©‚Äß‚ÇäÀö‡±®‡ßéÀö‚Çä‚ú©‚Äß‚Çä üòÅ', 'normal': 'Blue Jacket Premium'}"}], "start": 1764516159917, "stop": 1764516159952}], "parameters": [{"name": "name", "value": "{'max_length': 'Apart from counting words and characters, our online editor can help you to improve word choice and writing style, and, optionally, help you to detect grammar mistakes and plagiarism. To check word count, simply place your cursor into the text box above a', 'special_chars': 'Men\\'s Jacket & Special \\'Chars\\' 2025! \"<>{}[];:/', 'with_emoji': 'Winter Jacket 2025 ‚Çä‚ú©‚Äß‚ÇäÀö‡±®‡ßéÀö‚Çä‚ú©‚Äß‚Çä üòÅ', 'normal': 'Blue Jacket Premium'}"}], "start": 1764516159917, "stop": 1764516159952}, {"name": "Enter SKU", "status": "passed", "steps": [{"name": "Type ''TEST_1764516158'' into ('xpath', \"//div[@class = 'card-session-content pt-lg']//input[@id = 'field-sku']\")", "status": "passed", "steps": [{"name": "Wait for visibility of ('xpath', \"//div[@class = 'card-session-content pt-lg']//input[@id = 'field-sku']\")", "status": "passed", "parameters": [{"name": "locator", "value": "('xpath', \"//div[@class = 'card-session-content pt-lg']//input[@id = 'field-sku']\")"}, {"name": "timeout", "value": "None"}], "start": 1764516159952, "stop": 1764516159959}], "parameters": [{"name": "locator", "value": "('xpath', \"//div[@class = 'card-session-content pt-lg']//input[@id = 'field-sku']\")"}, {"name": "text", "value": "'TEST_1764516158'"}], "start": 1764516159952, "stop": 1764516159981}], "parameters": [{"name": "sku", "value": "'TEST_1764516158'"}], "start": 1764516159952, "stop": 1764516159981}, {"name": "Enter Price", "status": "passed", "steps": [{"name": "Type ''3999'' into ('xpath', \"//div[@class = 'card-session-content pt-lg']//input[@id='field-price']\")", "status": "passed", "steps": [{"name": "Wait for visibility of ('xpath', \"//div[@class = 'card-session-content pt-lg']//input[@id='field-price']\")", "status": "passed", "parameters": [{"name": "locator", "value": "('xpath', \"//div[@class = 'card-session-content pt-lg']//input[@id='field-price']\")"}, {"name": "timeout", "value": "None"}], "start": 1764516159981, "stop": 1764516159988}], "parameters": [{"name": "locator", "value": "('xpath', \"//div[@class = 'card-session-content pt-lg']//input[@id='field-price']\")"}, {"name": "text", "value": "'3999'"}], "start": 1764516159981, "stop": 1764516160009}], "parameters": [{"name": "price", "value": "'3999'"}], "start": 1764516159981, "stop": 1764516160009}, {"name": "Enter weight", "status": "passed", "steps": [{"name": "Type ''1'' into ('xpath', \"//div[@class = 'card-session-content pt-lg']//input[@id='field-weight']\")", "status": "passed", "steps": [{"name": "Wait for visibility of ('xpath', \"//div[@class = 'card-session-content pt-lg']//input[@id='field-weight']\")", "status": "passed", "parameters": [{"name": "locator", "value": "('xpath', \"//div[@class = 'card-session-content pt-lg']//input[@id='field-weight']\")"}, {"name": "timeout", "value": "None"}], "start": 1764516160009, "stop": 1764516160016}], "parameters": [{"name": "locator", "value": "('xpath', \"//div[@class = 'card-session-content pt-lg']//input[@id='field-weight']\")"}, {"name": "text", "value": "'1'"}], "start": 1764516160009, "stop": 1764516160035}], "parameters": [{"name": "weight", "value": "'1'"}], "start": 1764516160009, "stop": 1764516160035}, {"name": "Enter quantity", "status": "passed", "steps": [{"name": "Type ''100'' into ('xpath', \"//div[@class = 'card-session-content pt-lg']//input[@id = 'field-qty']\")", "status": "passed", "steps": [{"name": "Wait for visibility of ('xpath', \"//div[@class = 'card-session-content pt-lg']//input[@id = 'field-qty']\")", "status": "passed", "parameters": [{"name": "locator", "value": "('xpath', \"//div[@class = 'card-session-content pt-lg']//input[@id = 'field-qty']\")"}, {"name": "timeout", "value": "None"}], "start": 1764516160035, "stop": 1764516160042}], "parameters": [{"name": "locator", "value": "('xpath', \"//div[@class = 'card-session-content pt-lg']//input[@id = 'field-qty']\")"}, {"name": "text", "value": "'100'"}], "start": 1764516160035, "stop": 1764516160062}], "parameters": [{"name": "quantity", "value": "'100'"}], "start": 1764516160035, "stop": 1764516160062}, {"name": "Enter URL Key", "status": "passed", "steps": [{"name": "Type ''blue-jacket-premium-1764516158'' into ('xpath', \"//div[@class = 'card-session-content pt-lg']//input[@id = 'field-url_key']\")", "status": "passed", "steps": [{"name": "Wait for visibility of ('xpath', \"//div[@class = 'card-session-content pt-lg']//input[@id = 'field-url_key']\")", "status": "passed", "parameters": [{"name": "locator", "value": "('xpath', \"//div[@class = 'card-session-content pt-lg']//input[@id = 'field-url_key']\")"}, {"name": "timeout", "value": "None"}], "start": 1764516160062, "stop": 1764516160580}], "parameters": [{"name": "locator", "value": "('xpath', \"//div[@class = 'card-session-content pt-lg']//input[@id = 'field-url_key']\")"}, {"name": "text", "value": "'blue-jacket-premium-1764516158'"}], "start": 1764516160062, "stop": 1764516160605}], "parameters": [{"name": "url_key", "value": "'blue-jacket-premium-1764516158'"}], "start": 1764516160062, "stop": 1764516160605}, {"name": "Enter meta title", "status": "passed", "steps": [{"name": "Type ''Blue Jacket Premium'' into ('xpath', \"//div[@class = 'card-session-content pt-lg']//input[@id = 'field-meta_title']\")", "status": "passed", "steps": [{"name": "Wait for visibility of ('xpath', \"//div[@class = 'card-session-content pt-lg']//input[@id = 'field-meta_title']\")", "status": "passed", "parameters": [{"name": "locator", "value": "('xpath', \"//div[@class = 'card-session-content pt-lg']//input[@id = 'field-meta_title']\")"}, {"name": "timeout", "value": "None"}], "start": 1764516160605, "stop": 1764516160612}], "parameters": [{"name": "locator", "value": "('xpath', \"//div[@class = 'card-session-content pt-lg']//input[@id = 'field-meta_title']\")"}, {"name": "text", "value": "'Blue Jacket Premium'"}], "start": 1764516160605, "stop": 1764516160634}], "parameters": [{"name": "meta_title", "value": "'Blue Jacket Premium'"}], "start": 1764516160605, "stop": 1764516160634}], "parameters": [{"name": "name", "value": "{'max_length': 'Apart from counting words and characters, our online editor can help you to improve word choice and writing style, and, optionally, help you to detect grammar mistakes and plagiarism. To check word count, simply place your cursor into the text box above a', 'special_chars': 'Men\\'s Jacket & Special \\'Chars\\' 2025! \"<>{}[];:/', 'with_emoji': 'Winter Jacket 2025 ‚Çä‚ú©‚Äß‚ÇäÀö‡±®‡ßéÀö‚Çä‚ú©‚Äß‚Çä üòÅ', 'normal': 'Blue Jacket Premium'}"}, {"name": "sku", "value": "'TEST_1764516158'"}, {"name": "price", "value": "'3999'"}, {"name": "weight", "value": "'1'"}, {"name": "quantity", "value": "'100'"}, {"name": "url_key", "value": "'blue-jacket-premium-1764516158'"}, {"name": "meta_title", "value": "'Blue Jacket Premium'"}], "start": 1764516159917, "stop": 1764516160634}, {"name": "Add description", "status": "broken", "statusDetails": {"message": "selenium.common.exceptions.ElementClickInterceptedException: Message: element click intercepted: Element <a href=\"#\">...</a> is not clickable at point (710, 24). Other element would receive the click: <input type=\"text\" placeholder=\"Search\" class=\"!pl-7 bg-gray-50 focus:bg-white\">\n  (Session info: chrome=142.0.7444.176); For documentation on this error, please visit: https://www.selenium.dev/documentation/webdriver/troubleshooting/errors#elementclickinterceptedexception\nStacktrace:\n0   chromedriver                        0x00000001012beecc cxxbridge1$str$ptr + 2941512\n1   chromedriver                        0x00000001012b6b88 cxxbridge1$str$ptr + 2907908\n2   chromedriver                        0x0000000100dce2b0 _RNvCsgXDX2mvAJAg_7___rustc35___rust_no_alloc_shim_is_unstable_v2 + 74020\n3   chromedriver                        0x0000000100e1b3f0 _RNvCsgXDX2mvAJAg_7___rustc35___rust_no_alloc_shim_is_unstable_v2 + 389732\n4   chromedriver                        0x0000000100e1995c _RNvCsgXDX2mvAJAg_7___rustc35___rust_no_alloc_shim_is_unstable_v2 + 382928\n5   chromedriver                        0x0000000100e1776c _RNvCsgXDX2mvAJAg_7___rustc35___rust_no_alloc_shim_is_unstable_v2 + 374240\n6   chromedriver                        0x0000000100e16b64 _RNvCsgXDX2mvAJAg_7___rustc35___rust_no_alloc_shim_is_unstable_v2 + 371160\n7   chromedriver                        0x0000000100e0ba78 _RNvCsgXDX2mvAJAg_7___rustc35___rust_no_alloc_shim_is_unstable_v2 + 325868\n8   chromedriver                        0x0000000100e0b504 _RNvCsgXDX2mvAJAg_7___rustc35___rust_no_alloc_shim_is_unstable_v2 + 324472\n9   chromedriver                        0x0000000100e56d54 _RNvCsgXDX2mvAJAg_7___rustc35___rust_no_alloc_shim_is_unstable_v2 + 633800\n10  chromedriver                        0x0000000100e09ef0 _RNvCsgXDX2mvAJAg_7___rustc35___rust_no_alloc_shim_is_unstable_v2 + 318820\n11  chromedriver                        0x00000001012820c8 cxxbridge1$str$ptr + 2692164\n12  chromedriver                        0x00000001012858dc cxxbridge1$str$ptr + 2706520\n13  chromedriver                        0x000000010126284c cxxbridge1$str$ptr + 2563016\n14  chromedriver                        0x00000001012861b4 cxxbridge1$str$ptr + 2708784\n15  chromedriver                        0x00000001012540f4 cxxbridge1$str$ptr + 2503792\n16  chromedriver                        0x00000001012a5498 cxxbridge1$str$ptr + 2836500\n17  chromedriver                        0x00000001012a561c cxxbridge1$str$ptr + 2836888\n18  chromedriver                        0x00000001012b67d8 cxxbridge1$str$ptr + 2906964\n19  libsystem_pthread.dylib             0x0000000196466f94 _pthread_start + 136\n20  libsystem_pthread.dylib             0x0000000196461d34 thread_start + 8\n\n", "trace": "  File \"/Users/ashley/Downloads/test-selenium-python/evershop/evershop/venv/lib/python3.13/site-packages/allure_commons/_allure.py\", line 202, in impl\n    return func(*a, **kw)\n  File \"/Users/ashley/Downloads/test-selenium-python/evershop/evershop/root/pages/products_page.py\", line 256, in add_description\n    self.click(self.product_des_type)\n    ~~~~~~~~~~^^^^^^^^^^^^^^^^^^^^^^^\n  File \"/Users/ashley/Downloads/test-selenium-python/evershop/evershop/venv/lib/python3.13/site-packages/allure_commons/_allure.py\", line 202, in impl\n    return func(*a, **kw)\n  File \"/Users/ashley/Downloads/test-selenium-python/evershop/evershop/root/base/base_page.py\", line 109, in click\n    element.click()\n    ~~~~~~~~~~~~~^^\n  File \"/Users/ashley/Downloads/test-selenium-python/evershop/evershop/venv/lib/python3.13/site-packages/selenium/webdriver/remote/webelement.py\", line 119, in click\n    self._execute(Command.CLICK_ELEMENT)\n    ~~~~~~~~~~~~~^^^^^^^^^^^^^^^^^^^^^^^\n  File \"/Users/ashley/Downloads/test-selenium-python/evershop/evershop/venv/lib/python3.13/site-packages/selenium/webdriver/remote/webelement.py\", line 572, in _execute\n    return self._parent.execute(command, params)\n           ~~~~~~~~~~~~~~~~~~~~^^^^^^^^^^^^^^^^^\n  File \"/Users/ashley/Downloads/test-selenium-python/evershop/evershop/venv/lib/python3.13/site-packages/selenium/webdriver/remote/webdriver.py\", line 458, in execute\n    self.error_handler.check_response(response)\n    ~~~~~~~~~~~~~~~~~~~~~~~~~~~~~~~~~^^^^^^^^^^\n  File \"/Users/ashley/Downloads/test-selenium-python/evershop/evershop/venv/lib/python3.13/site-packages/selenium/webdriver/remote/errorhandler.py\", line 233, in check_response\n    raise exception_class(message, screen, stacktrace)\n"}, "steps": [{"name": "Click ('xpath', \"//div[contains(@class , 'row-templates')]//a[3]\")", "status": "broken", "statusDetails": {"message": "selenium.common.exceptions.ElementClickInterceptedException: Message: element click intercepted: Element <a href=\"#\">...</a> is not clickable at point (710, 24). Other element would receive the click: <input type=\"text\" placeholder=\"Search\" class=\"!pl-7 bg-gray-50 focus:bg-white\">\n  (Session info: chrome=142.0.7444.176); For documentation on this error, please visit: https://www.selenium.dev/documentation/webdriver/troubleshooting/errors#elementclickinterceptedexception\nStacktrace:\n0   chromedriver                        0x00000001012beecc cxxbridge1$str$ptr + 2941512\n1   chromedriver                        0x00000001012b6b88 cxxbridge1$str$ptr + 2907908\n2   chromedriver                        0x0000000100dce2b0 _RNvCsgXDX2mvAJAg_7___rustc35___rust_no_alloc_shim_is_unstable_v2 + 74020\n3   chromedriver                        0x0000000100e1b3f0 _RNvCsgXDX2mvAJAg_7___rustc35___rust_no_alloc_shim_is_unstable_v2 + 389732\n4   chromedriver                        0x0000000100e1995c _RNvCsgXDX2mvAJAg_7___rustc35___rust_no_alloc_shim_is_unstable_v2 + 382928\n5   chromedriver                        0x0000000100e1776c _RNvCsgXDX2mvAJAg_7___rustc35___rust_no_alloc_shim_is_unstable_v2 + 374240\n6   chromedriver                        0x0000000100e16b64 _RNvCsgXDX2mvAJAg_7___rustc35___rust_no_alloc_shim_is_unstable_v2 + 371160\n7   chromedriver                        0x0000000100e0ba78 _RNvCsgXDX2mvAJAg_7___rustc35___rust_no_alloc_shim_is_unstable_v2 + 325868\n8   chromedriver                        0x0000000100e0b504 _RNvCsgXDX2mvAJAg_7___rustc35___rust_no_alloc_shim_is_unstable_v2 + 324472\n9   chromedriver                        0x0000000100e56d54 _RNvCsgXDX2mvAJAg_7___rustc35___rust_no_alloc_shim_is_unstable_v2 + 633800\n10  chromedriver                        0x0000000100e09ef0 _RNvCsgXDX2mvAJAg_7___rustc35___rust_no_alloc_shim_is_unstable_v2 + 318820\n11  chromedriver                        0x00000001012820c8 cxxbridge1$str$ptr + 2692164\n12  chromedriver                        0x00000001012858dc cxxbridge1$str$ptr + 2706520\n13  chromedriver                        0x000000010126284c cxxbridge1$str$ptr + 2563016\n14  chromedriver                        0x00000001012861b4 cxxbridge1$str$ptr + 2708784\n15  chromedriver                        0x00000001012540f4 cxxbridge1$str$ptr + 2503792\n16  chromedriver                        0x00000001012a5498 cxxbridge1$str$ptr + 2836500\n17  chromedriver                        0x00000001012a561c cxxbridge1$str$ptr + 2836888\n18  chromedriver                        0x00000001012b67d8 cxxbridge1$str$ptr + 2906964\n19  libsystem_pthread.dylib             0x0000000196466f94 _pthread_start + 136\n20  libsystem_pthread.dylib             0x0000000196461d34 thread_start + 8\n\n", "trace": "  File \"/Users/ashley/Downloads/test-selenium-python/evershop/evershop/venv/lib/python3.13/site-packages/allure_commons/_allure.py\", line 202, in impl\n    return func(*a, **kw)\n  File \"/Users/ashley/Downloads/test-selenium-python/evershop/evershop/root/base/base_page.py\", line 109, in click\n    element.click()\n    ~~~~~~~~~~~~~^^\n  File \"/Users/ashley/Downloads/test-selenium-python/evershop/evershop/venv/lib/python3.13/site-packages/selenium/webdriver/remote/webelement.py\", line 119, in click\n    self._execute(Command.CLICK_ELEMENT)\n    ~~~~~~~~~~~~~^^^^^^^^^^^^^^^^^^^^^^^\n  File \"/Users/ashley/Downloads/test-selenium-python/evershop/evershop/venv/lib/python3.13/site-packages/selenium/webdriver/remote/webelement.py\", line 572, in _execute\n    return self._parent.execute(command, params)\n           ~~~~~~~~~~~~~~~~~~~~^^^^^^^^^^^^^^^^^\n  File \"/Users/ashley/Downloads/test-selenium-python/evershop/evershop/venv/lib/python3.13/site-packages/selenium/webdriver/remote/webdriver.py\", line 458, in execute\n    self.error_handler.check_response(response)\n    ~~~~~~~~~~~~~~~~~~~~~~~~~~~~~~~~~^^^^^^^^^^\n  File \"/Users/ashley/Downloads/test-selenium-python/evershop/evershop/venv/lib/python3.13/site-packages/selenium/webdriver/remote/errorhandler.py\", line 233, in check_response\n    raise exception_class(message, screen, stacktrace)\n"}, "parameters": [{"name": "locator", "value": "('xpath', \"//div[contains(@class , 'row-templates')]//a[3]\")"}, {"name": "timeout", "value": "None"}], "start": 1764516160634, "stop": 1764516161659}], "parameters": [{"name": "product_description", "value": "'ShirtAdidas Premium Essentials Padded Jacket BlueIY2283 is a fashionable and functional product from Adidas'"}], "start": 1764516160634, "stop": 1764516161661}], "attachments": [{"name": "failure_test_create_product", "source": "aa30d4c6-1d27-4db3-94d1-4ad4414baff4-attachment.png", "type": "image/png"}], "start": 1764516158844, "stop": 1764516161662, "uuid": "2372e8c3-c3d2-419c-9ac9-3be947bf178b", "historyId": "3e51059234c51d1d46c5bc60a934ab1c", "testCaseId": "3e51059234c51d1d46c5bc60a934ab1c", "fullName": "root.tests.test_create_product.TestCreateProducts#test_create_product", "labels": [{"name": "epic", "value": "E-commerce Admin"}, {"name": "feature", "value": "Product Module"}, {"name": "parentSuite", "value": "root.tests"}, {"name": "suite", "value": "test_create_product"}, {"name": "subSuite", "value": "TestCreateProducts"}, {"name": "host", "value": "192.168.102.11"}, {"name": "thread", "value": "44908-MainThread"}, {"name": "framework", "value": "pytest"}, {"name": "language", "value": "cpython3"}, {"name": "package", "value": "root.tests.test_create_product"}], "titlePath": ["root", "tests", "test_create_product.py", "TestCreateProducts"]}