{"name": "TC004 - View Products List", "status": "broken", "statusDetails": {"message": "selenium.common.exceptions.TimeoutException: Message:", "trace": "self = <tests.test_products.TestProducts object at 0x7a1b6751efc0>\n\n    @allure.title(\"TC004 - View Products List\")\n    @allure.severity(allure.severity_level.CRITICAL)\n    def test_view_product_list(self):\n        product = ProductsPage(self.driver)\n        product.login()\n>       product.click_product_menu()\n\nroot/tests/test_products.py:21: \n_ _ _ _ _ _ _ _ _ _ _ _ _ _ _ _ _ _ _ _ _ _ _ _ _ _ _ _ _ _ _ _ _ _ _ _ _ _ _ _ _ _ _ _ _ _ _ _ _ _ _ _ _ _ _ _ _ _ _ _ _ _ _ _ _ _ _ _ _ _ _ _ _ _ _ _ _ _ _ _ _ _ _ _ _ _ _ _ _ _ _ _ _ _ _ _\nroot/pages/products_page.py:48: in click_product_menu\n    self.click(self.products_menu)\nroot/base/base_page.py:98: in click\n    element = WebDriverWait(self.driver, timeout or self.timeout).until(\n_ _ _ _ _ _ _ _ _ _ _ _ _ _ _ _ _ _ _ _ _ _ _ _ _ _ _ _ _ _ _ _ _ _ _ _ _ _ _ _ _ _ _ _ _ _ _ _ _ _ _ _ _ _ _ _ _ _ _ _ _ _ _ _ _ _ _ _ _ _ _ _ _ _ _ _ _ _ _ _ _ _ _ _ _ _ _ _ _ _ _ _ _ _ _ _\n\nself = <selenium.webdriver.support.wait.WebDriverWait (session=\"84ed2471ddf7894b28bf29ac7d04e1b2\")>, method = <function element_to_be_clickable.<locals>._predicate at 0x7a1b67425e40>\nmessage = ''\n\n    def until(self, method: Callable[[D], Union[Literal[False], T]], message: str = \"\") -> T:\n        \"\"\"Wait until the method returns a value that is not False.\n    \n        Calls the method provided with the driver as an argument until the\n        return value does not evaluate to ``False``.\n    \n        Parameters:\n        -----------\n        method: callable(WebDriver)\n            - A callable object that takes a WebDriver instance as an argument.\n    \n        message: str\n            - Optional message for :exc:`TimeoutException`\n    \n        Return:\n        -------\n        object: T\n            - The result of the last call to `method`\n    \n        Raises:\n        -------\n        TimeoutException\n            - If 'method' does not return a truthy value within the WebDriverWait\n            object's timeout\n    \n        Example:\n        --------\n        >>> from selenium.webdriver.common.by import By\n        >>> from selenium.webdriver.support.ui import WebDriverWait\n        >>> from selenium.webdriver.support import expected_conditions as EC\n    \n        # Wait until an element is visible on the page\n        >>> wait = WebDriverWait(driver, 10)\n        >>> element = wait.until(EC.visibility_of_element_located((By.ID, \"exampleId\")))\n        >>> print(element.text)\n        \"\"\"\n        screen = None\n        stacktrace = None\n    \n        end_time = time.monotonic() + self._timeout\n        while True:\n            try:\n                value = method(self._driver)\n                if value:\n                    return value\n            except self._ignored_exceptions as exc:\n                screen = getattr(exc, \"screen\", None)\n                stacktrace = getattr(exc, \"stacktrace\", None)\n            if time.monotonic() > end_time:\n                break\n            time.sleep(self._poll)\n>       raise TimeoutException(message, screen, stacktrace)\nE       selenium.common.exceptions.TimeoutException: Message:\n\nvenv/lib/python3.12/site-packages/selenium/webdriver/support/wait.py:138: TimeoutException"}, "steps": [{"name": "Type ''admin@e2eevershop.com'' into ('xpath', \"//div[@class = 'form-field']//input[@id = 'field-email']\")", "status": "passed", "steps": [{"name": "Wait for visibility of ('xpath', \"//div[@class = 'form-field']//input[@id = 'field-email']\")", "status": "passed", "parameters": [{"name": "locator", "value": "('xpath', \"//div[@class = 'form-field']//input[@id = 'field-email']\")"}, {"name": "timeout", "value": "None"}], "start": 1764063360805, "stop": 1764063360823}], "parameters": [{"name": "locator", "value": "('xpath', \"//div[@class = 'form-field']//input[@id = 'field-email']\")"}, {"name": "text", "value": "'admin@e2eevershop.com'"}], "start": 1764063360805, "stop": 1764063360934}, {"name": "Type ''1A0F4IQUHPvgOsZ44'' into ('xpath', \"//div[@class = 'form-field']//input[@id = 'field-password']\")", "status": "passed", "steps": [{"name": "Wait for visibility of ('xpath', \"//div[@class = 'form-field']//input[@id = 'field-password']\")", "status": "passed", "parameters": [{"name": "locator", "value": "('xpath', \"//div[@class = 'form-field']//input[@id = 'field-password']\")"}, {"name": "timeout", "value": "None"}], "start": 1764063360935, "stop": 1764063360952}], "parameters": [{"name": "locator", "value": "('xpath', \"//div[@class = 'form-field']//input[@id = 'field-password']\")"}, {"name": "text", "value": "'1A0F4IQUHPvgOsZ44'"}], "start": 1764063360935, "stop": 1764063361017}, {"name": "Click ('xpath', \"//div[@class = 'form-submit-button flex border-t border-divider mt-4 pt-4 justify-between']//button\")", "status": "passed", "parameters": [{"name": "locator", "value": "('xpath', \"//div[@class = 'form-submit-button flex border-t border-divider mt-4 pt-4 justify-between']//button\")"}, {"name": "timeout", "value": "None"}], "start": 1764063361017, "stop": 1764063361083}, {"name": "Click ('xpath', \"//li[@class='root-nav-item nav-item']//a[@href='https://e2e.evershop.app/admin/products']\")", "status": "broken", "statusDetails": {"message": "selenium.common.exceptions.TimeoutException: Message: \n\n", "trace": "  File \"/home/thaotran/evershop/venv/lib/python3.12/site-packages/allure_commons/_allure.py\", line 202, in impl\n    return func(*a, **kw)\n           ^^^^^^^^^^^^^^\n  File \"/home/thaotran/evershop/root/base/base_page.py\", line 98, in click\n    element = WebDriverWait(self.driver, timeout or self.timeout).until(\n              ^^^^^^^^^^^^^^^^^^^^^^^^^^^^^^^^^^^^^^^^^^^^^^^^^^^^^^^^^^\n  File \"/home/thaotran/evershop/venv/lib/python3.12/site-packages/selenium/webdriver/support/wait.py\", line 138, in until\n    raise TimeoutException(message, screen, stacktrace)\n"}, "parameters": [{"name": "locator", "value": "('xpath', \"//li[@class='root-nav-item nav-item']//a[@href='https://e2e.evershop.app/admin/products']\")"}, {"name": "timeout", "value": "None"}], "start": 1764063361083, "stop": 1764063393424}], "attachments": [{"name": "failure_test_view_product_list", "source": "63118361-6850-4577-813b-79dbf70ab989-attachment.png", "type": "image/png"}], "start": 1764063360804, "stop": 1764063393424, "uuid": "bfc2b116-4fe0-4869-bd89-556133c68bbf", "historyId": "6ac4ce968108a30ed7f7a78451e46d6a", "testCaseId": "6ac4ce968108a30ed7f7a78451e46d6a", "fullName": "root.tests.test_products.TestProducts#test_view_product_list", "labels": [{"name": "severity", "value": "critical"}, {"name": "epic", "value": "E-commerce Admin"}, {"name": "feature", "value": "Product Module"}, {"name": "parentSuite", "value": "root.tests"}, {"name": "suite", "value": "test_products"}, {"name": "subSuite", "value": "TestProducts"}, {"name": "host", "value": "Thao-QA"}, {"name": "thread", "value": "203547-MainThread"}, {"name": "framework", "value": "pytest"}, {"name": "language", "value": "cpython3"}, {"name": "package", "value": "root.tests.test_products"}], "titlePath": ["root", "tests", "test_products.py", "TestProducts"]}