{"name": "TC012 - Verify Logout Functionality", "status": "broken", "statusDetails": {"message": "selenium.common.exceptions.TimeoutException: Message: \nStacktrace:\n#0 0x589b2dc1038a <unknown>\n#1 0x589b2d6cab0b <unknown>\n#2 0x589b2d71c5b4 <unknown>\n#3 0x589b2d71c7f1 <unknown>\n#4 0x589b2d76b3e4 <unknown>\n#5 0x589b2d768748 <unknown>\n#6 0x589b2d70eaaf <unknown>\n#7 0x589b2d70f7b1 <unknown>\n#8 0x589b2dbda0ef <unknown>\n#9 0x589b2dbdd1c2 <unknown>\n#10 0x589b2dbc33a3 <unknown>\n#11 0x589b2dbdd997 <unknown>\n#12 0x589b2dbacade <unknown>\n#13 0x589b2dbfe4e8 <unknown>\n#14 0x589b2dbfe704 <unknown>\n#15 0x589b2dc0f15c <unknown>\n#16 0x735b7dc9caa4 <unknown>\n#17 0x735b7dd29c6c <unknown>", "trace": "self = <tests.test_login.TestLogin object at 0x7a1b673b8aa0>\n\n    @allure.title(\"TC012 - Verify Logout Functionality\")\n    def test_logout_flow(self):\n        login_page = LoginPage(self.driver)\n        login_page.login(*ConfigReader.get_email_password())\n>       login_page.wait_for_dashboard()\n\nroot/tests/test_login.py:118: \n_ _ _ _ _ _ _ _ _ _ _ _ _ _ _ _ _ _ _ _ _ _ _ _ _ _ _ _ _ _ _ _ _ _ _ _ _ _ _ _ _ _ _ _ _ _ _ _ _ _ _ _ _ _ _ _ _ _ _ _ _ _ _ _ _ _ _ _ _ _ _ _ _ _ _ _ _ _ _ _ _ _ _ _ _ _ _ _ _ _ _ _ _ _ _ _\nroot/pages/login_page.py:120: in wait_for_dashboard\n    self.wait_for_visible(self.dashboard_title)\nroot/base/base_page.py:50: in wait_for_visible\n    return WebDriverWait(self.driver, timeout or self.timeout).until(\n_ _ _ _ _ _ _ _ _ _ _ _ _ _ _ _ _ _ _ _ _ _ _ _ _ _ _ _ _ _ _ _ _ _ _ _ _ _ _ _ _ _ _ _ _ _ _ _ _ _ _ _ _ _ _ _ _ _ _ _ _ _ _ _ _ _ _ _ _ _ _ _ _ _ _ _ _ _ _ _ _ _ _ _ _ _ _ _ _ _ _ _ _ _ _ _\n\nself = <selenium.webdriver.support.wait.WebDriverWait (session=\"db834ceebd2c6b864a6dc7277bcbc861\")>, method = <function visibility_of_element_located.<locals>._predicate at 0x7a1b673a62a0>\nmessage = ''\n\n    def until(self, method: Callable[[D], Union[Literal[False], T]], message: str = \"\") -> T:\n        \"\"\"Wait until the method returns a value that is not False.\n    \n        Calls the method provided with the driver as an argument until the\n        return value does not evaluate to ``False``.\n    \n        Parameters:\n        -----------\n        method: callable(WebDriver)\n            - A callable object that takes a WebDriver instance as an argument.\n    \n        message: str\n            - Optional message for :exc:`TimeoutException`\n    \n        Return:\n        -------\n        object: T\n            - The result of the last call to `method`\n    \n        Raises:\n        -------\n        TimeoutException\n            - If 'method' does not return a truthy value within the WebDriverWait\n            object's timeout\n    \n        Example:\n        --------\n        >>> from selenium.webdriver.common.by import By\n        >>> from selenium.webdriver.support.ui import WebDriverWait\n        >>> from selenium.webdriver.support import expected_conditions as EC\n    \n        # Wait until an element is visible on the page\n        >>> wait = WebDriverWait(driver, 10)\n        >>> element = wait.until(EC.visibility_of_element_located((By.ID, \"exampleId\")))\n        >>> print(element.text)\n        \"\"\"\n        screen = None\n        stacktrace = None\n    \n        end_time = time.monotonic() + self._timeout\n        while True:\n            try:\n                value = method(self._driver)\n                if value:\n                    return value\n            except self._ignored_exceptions as exc:\n                screen = getattr(exc, \"screen\", None)\n                stacktrace = getattr(exc, \"stacktrace\", None)\n            if time.monotonic() > end_time:\n                break\n            time.sleep(self._poll)\n>       raise TimeoutException(message, screen, stacktrace)\nE       selenium.common.exceptions.TimeoutException: Message: \nE       Stacktrace:\nE       #0 0x589b2dc1038a <unknown>\nE       #1 0x589b2d6cab0b <unknown>\nE       #2 0x589b2d71c5b4 <unknown>\nE       #3 0x589b2d71c7f1 <unknown>\nE       #4 0x589b2d76b3e4 <unknown>\nE       #5 0x589b2d768748 <unknown>\nE       #6 0x589b2d70eaaf <unknown>\nE       #7 0x589b2d70f7b1 <unknown>\nE       #8 0x589b2dbda0ef <unknown>\nE       #9 0x589b2dbdd1c2 <unknown>\nE       #10 0x589b2dbc33a3 <unknown>\nE       #11 0x589b2dbdd997 <unknown>\nE       #12 0x589b2dbacade <unknown>\nE       #13 0x589b2dbfe4e8 <unknown>\nE       #14 0x589b2dbfe704 <unknown>\nE       #15 0x589b2dc0f15c <unknown>\nE       #16 0x735b7dc9caa4 <unknown>\nE       #17 0x735b7dd29c6c <unknown>\n\nvenv/lib/python3.12/site-packages/selenium/webdriver/support/wait.py:138: TimeoutException"}, "steps": [{"name": "Type ''admin@e2eevershop.com'' into ('xpath', \"//div[@class = 'form-field']//input[@id = 'field-email']\")", "status": "passed", "steps": [{"name": "Wait for visibility of ('xpath', \"//div[@class = 'form-field']//input[@id = 'field-email']\")", "status": "passed", "parameters": [{"name": "locator", "value": "('xpath', \"//div[@class = 'form-field']//input[@id = 'field-email']\")"}, {"name": "timeout", "value": "None"}], "start": 1764063324395, "stop": 1764063324413}], "parameters": [{"name": "locator", "value": "('xpath', \"//div[@class = 'form-field']//input[@id = 'field-email']\")"}, {"name": "text", "value": "'admin@e2eevershop.com'"}], "start": 1764063324395, "stop": 1764063324502}, {"name": "Type ''1A0F4IQUHPvgOsZ44'' into ('xpath', \"//div[@class = 'form-field']//input[@id = 'field-password']\")", "status": "passed", "steps": [{"name": "Wait for visibility of ('xpath', \"//div[@class = 'form-field']//input[@id = 'field-password']\")", "status": "passed", "parameters": [{"name": "locator", "value": "('xpath', \"//div[@class = 'form-field']//input[@id = 'field-password']\")"}, {"name": "timeout", "value": "None"}], "start": 1764063324503, "stop": 1764063324517}], "parameters": [{"name": "locator", "value": "('xpath', \"//div[@class = 'form-field']//input[@id = 'field-password']\")"}, {"name": "text", "value": "'1A0F4IQUHPvgOsZ44'"}], "start": 1764063324502, "stop": 1764063324580}, {"name": "Click ('xpath', \"//div[@class = 'form-submit-button flex border-t border-divider mt-4 pt-4 justify-between']//button\")", "status": "passed", "parameters": [{"name": "locator", "value": "('xpath', \"//div[@class = 'form-submit-button flex border-t border-divider mt-4 pt-4 justify-between']//button\")"}, {"name": "timeout", "value": "None"}], "start": 1764063324580, "stop": 1764063324647}, {"name": "Wait for visibility of ('xpath', \"//div[@class = 'flex justify-start space-x-2 items-center']\")", "status": "broken", "statusDetails": {"message": "selenium.common.exceptions.TimeoutException: Message: \nStacktrace:\n#0 0x589b2dc1038a <unknown>\n#1 0x589b2d6cab0b <unknown>\n#2 0x589b2d71c5b4 <unknown>\n#3 0x589b2d71c7f1 <unknown>\n#4 0x589b2d76b3e4 <unknown>\n#5 0x589b2d768748 <unknown>\n#6 0x589b2d70eaaf <unknown>\n#7 0x589b2d70f7b1 <unknown>\n#8 0x589b2dbda0ef <unknown>\n#9 0x589b2dbdd1c2 <unknown>\n#10 0x589b2dbc33a3 <unknown>\n#11 0x589b2dbdd997 <unknown>\n#12 0x589b2dbacade <unknown>\n#13 0x589b2dbfe4e8 <unknown>\n#14 0x589b2dbfe704 <unknown>\n#15 0x589b2dc0f15c <unknown>\n#16 0x735b7dc9caa4 <unknown>\n#17 0x735b7dd29c6c <unknown>\n\n", "trace": "  File \"/home/thaotran/evershop/venv/lib/python3.12/site-packages/allure_commons/_allure.py\", line 202, in impl\n    return func(*a, **kw)\n           ^^^^^^^^^^^^^^\n  File \"/home/thaotran/evershop/root/base/base_page.py\", line 50, in wait_for_visible\n    return WebDriverWait(self.driver, timeout or self.timeout).until(\n           ^^^^^^^^^^^^^^^^^^^^^^^^^^^^^^^^^^^^^^^^^^^^^^^^^^^^^^^^^^\n  File \"/home/thaotran/evershop/venv/lib/python3.12/site-packages/selenium/webdriver/support/wait.py\", line 138, in until\n    raise TimeoutException(message, screen, stacktrace)\n"}, "parameters": [{"name": "locator", "value": "('xpath', \"//div[@class = 'flex justify-start space-x-2 items-center']\")"}, {"name": "timeout", "value": "None"}], "start": 1764063324647, "stop": 1764063356765}], "attachments": [{"name": "failure_test_logout_flow", "source": "94af6d23-bc67-4818-aab8-f3d7d85c7b5c-attachment.png", "type": "image/png"}], "start": 1764063324395, "stop": 1764063356766, "uuid": "9381d849-aaa4-46e0-a619-18fc1907a492", "historyId": "684b3e76ef97c110a3716a36a73f9ddf", "testCaseId": "684b3e76ef97c110a3716a36a73f9ddf", "fullName": "root.tests.test_login.TestLogin#test_logout_flow", "labels": [{"name": "epic", "value": "Evershop Admin"}, {"name": "feature", "value": "Admin Login"}, {"name": "parentSuite", "value": "root.tests"}, {"name": "suite", "value": "test_login"}, {"name": "subSuite", "value": "TestLogin"}, {"name": "host", "value": "Thao-QA"}, {"name": "thread", "value": "203547-MainThread"}, {"name": "framework", "value": "pytest"}, {"name": "language", "value": "cpython3"}, {"name": "package", "value": "root.tests.test_login"}], "titlePath": ["root", "tests", "test_login.py", "TestLogin"]}