{"name": "TC001 - Verify Login Page UI Elements", "status": "broken", "statusDetails": {"message": "selenium.common.exceptions.WebDriverException: Message: unknown error: DevToolsActivePort file doesn't exist\nStacktrace:\n#0 0x5cd94d1c94e3 <unknown>\n#1 0x5cd94cef8c76 <unknown>\n#2 0x5cd94cf25019 <unknown>\n#3 0x5cd94cf212fa <unknown>\n#4 0x5cd94cf1e029 <unknown>\n#5 0x5cd94cf5cccc <unknown>\n#6 0x5cd94cf5c47f <unknown>\n#7 0x5cd94cf53de3 <unknown>\n#8 0x5cd94cf292dd <unknown>\n#9 0x5cd94cf2a34e <unknown>\n#10 0x5cd94d1893e4 <unknown>\n#11 0x5cd94d18d3d7 <unknown>\n#12 0x5cd94d197b20 <unknown>\n#13 0x5cd94d18e023 <unknown>\n#14 0x5cd94d15c1aa <unknown>\n#15 0x5cd94d1b26b8 <unknown>\n#16 0x5cd94d1b2847 <unknown>\n#17 0x5cd94d1c2243 <unknown>\n#18 0x7808b9e9caa4 <unknown>\n#19 0x7808b9f29c6c <unknown>", "trace": "self = <tests.test_login.TestLogin object at 0x755bfe4487d0>, request = <SubRequest 'setup' for <Function test_verify_login_ui_elements>>\n\n    @pytest.fixture(autouse=True)\n    def setup(self,request):\n    \n        options = Options()\n        options.add_argument(\"--start-maximized\")\n    \n        options.add_argument(\"--incognito\")\n        prefs = {\n            \"credentials_enable_service\": False,         # Tắt dịch vụ lưu mật khẩu\n            \"profile.password_manager_enabled\": False    # Tắt gợi ý lưu mật khẩu\n        }\n        options.add_experimental_option(\"prefs\", prefs)\n    \n        options.add_argument('--headless')\n        options.add_argument('--no-sandbox')\n        options.add_argument('--disable-dev-shm-usage')\n>       self.driver = webdriver.Chrome(service=Service(ChromeDriverManager().install()), options=options)\n                      ^^^^^^^^^^^^^^^^^^^^^^^^^^^^^^^^^^^^^^^^^^^^^^^^^^^^^^^^^^^^^^^^^^^^^^^^^^^^^^^^^^^\n\nroot/base/base_test.py:29: \n_ _ _ _ _ _ _ _ _ _ _ _ _ _ _ _ _ _ _ _ _ _ _ _ _ _ _ _ _ _ _ _ _ _ _ _ _ _ _ _ _ _ _ _ _ _ _ _ _ _ _ _ _ _ _ _ _ _ _ _ _ _ _ _ _ _ _ _ _ _ _ _ _ _ _ _ _ _ _ _ _ _ _ _ _ _ _ _ _ _ _ _ _ _ _ _\nvenv/lib/python3.12/site-packages/selenium/webdriver/chrome/webdriver.py:47: in __init__\n    super().__init__(\nvenv/lib/python3.12/site-packages/selenium/webdriver/chromium/webdriver.py:71: in __init__\n    super().__init__(command_executor=executor, options=options)\nvenv/lib/python3.12/site-packages/selenium/webdriver/remote/webdriver.py:263: in __init__\n    self.start_session(capabilities)\nvenv/lib/python3.12/site-packages/selenium/webdriver/remote/webdriver.py:366: in start_session\n    response = self.execute(Command.NEW_SESSION, caps)[\"value\"]\n               ^^^^^^^^^^^^^^^^^^^^^^^^^^^^^^^^^^^^^^^\nvenv/lib/python3.12/site-packages/selenium/webdriver/remote/webdriver.py:458: in execute\n    self.error_handler.check_response(response)\n_ _ _ _ _ _ _ _ _ _ _ _ _ _ _ _ _ _ _ _ _ _ _ _ _ _ _ _ _ _ _ _ _ _ _ _ _ _ _ _ _ _ _ _ _ _ _ _ _ _ _ _ _ _ _ _ _ _ _ _ _ _ _ _ _ _ _ _ _ _ _ _ _ _ _ _ _ _ _ _ _ _ _ _ _ _ _ _ _ _ _ _ _ _ _ _\n\nself = <selenium.webdriver.remote.errorhandler.ErrorHandler object at 0x755bfc9f8080>\nresponse = {'status': 500, 'value': '{\"value\":{\"error\":\"unknown error\",\"message\":\"unknown error: DevToolsActivePort file doesn\\'t...\\\\n#17 0x5cd94d1c2243 \\\\u003Cunknown>\\\\n#18 0x7808b9e9caa4 \\\\u003Cunknown>\\\\n#19 0x7808b9f29c6c \\\\u003Cunknown>\\\\n\"}}'}\n\n    def check_response(self, response: dict[str, Any]) -> None:\n        \"\"\"Checks that a JSON response from the WebDriver does not have an\n        error.\n    \n        Args:\n            response: The JSON response from the WebDriver server as a dictionary\n                object.\n    \n        Raises:\n            WebDriverException: If the response contains an error message.\n        \"\"\"\n        status = response.get(\"status\", None)\n        if not status or status == ErrorCode.SUCCESS:\n            return\n        value = None\n        message = response.get(\"message\", \"\")\n        screen: str = response.get(\"screen\", \"\")\n        stacktrace = None\n        if isinstance(status, int):\n            value_json = response.get(\"value\", None)\n            if value_json and isinstance(value_json, str):\n                try:\n                    value = json.loads(value_json)\n                    if isinstance(value, dict):\n                        if len(value) == 1:\n                            value = value[\"value\"]\n                        status = value.get(\"error\", None)\n                        if not status:\n                            status = value.get(\"status\", ErrorCode.UNKNOWN_ERROR)\n                            message = value.get(\"value\") or value.get(\"message\")\n                            if not isinstance(message, str):\n                                value = message\n                                message = message.get(\"message\") if isinstance(message, dict) else None\n                        else:\n                            message = value.get(\"message\", None)\n                except ValueError:\n                    pass\n    \n        exception_class: type[WebDriverException]\n        e = ErrorCode()\n        error_codes = [item for item in dir(e) if not item.startswith(\"__\")]\n        for error_code in error_codes:\n            error_info = getattr(ErrorCode, error_code)\n            if isinstance(error_info, list) and status in error_info:\n                exception_class = getattr(ExceptionMapping, error_code, WebDriverException)\n                break\n        else:\n            exception_class = WebDriverException\n    \n        if not value:\n            value = response[\"value\"]\n        if isinstance(value, str):\n            raise exception_class(value)\n        if message == \"\" and \"message\" in value:\n            message = value[\"message\"]\n    \n        screen = None  # type: ignore[assignment]\n        if \"screen\" in value:\n            screen = value[\"screen\"]\n    \n        stacktrace = None\n        st_value = value.get(\"stackTrace\") or value.get(\"stacktrace\")\n        if st_value:\n            if isinstance(st_value, str):\n                stacktrace = st_value.split(\"\\n\")\n            else:\n                stacktrace = []\n                try:\n                    for frame in st_value:\n                        line = frame.get(\"lineNumber\", \"\")\n                        file = frame.get(\"fileName\", \"<anonymous>\")\n                        if line:\n                            file = f\"{file}:{line}\"\n                        meth = frame.get(\"methodName\", \"<anonymous>\")\n                        if \"className\" in frame:\n                            meth = f\"{frame['className']}.{meth}\"\n                        msg = \"    at %s (%s)\"\n                        msg = msg % (meth, file)\n                        stacktrace.append(msg)\n                except TypeError:\n                    pass\n        if exception_class == UnexpectedAlertPresentException:\n            alert_text = None\n            if \"data\" in value:\n                alert_text = value[\"data\"].get(\"text\")\n            elif \"alert\" in value:\n                alert_text = value[\"alert\"].get(\"text\")\n            raise exception_class(message, screen, stacktrace, alert_text)  # type: ignore[call-arg]  # mypy is not smart enough here\n>       raise exception_class(message, screen, stacktrace)\nE       selenium.common.exceptions.WebDriverException: Message: unknown error: DevToolsActivePort file doesn't exist\nE       Stacktrace:\nE       #0 0x5cd94d1c94e3 <unknown>\nE       #1 0x5cd94cef8c76 <unknown>\nE       #2 0x5cd94cf25019 <unknown>\nE       #3 0x5cd94cf212fa <unknown>\nE       #4 0x5cd94cf1e029 <unknown>\nE       #5 0x5cd94cf5cccc <unknown>\nE       #6 0x5cd94cf5c47f <unknown>\nE       #7 0x5cd94cf53de3 <unknown>\nE       #8 0x5cd94cf292dd <unknown>\nE       #9 0x5cd94cf2a34e <unknown>\nE       #10 0x5cd94d1893e4 <unknown>\nE       #11 0x5cd94d18d3d7 <unknown>\nE       #12 0x5cd94d197b20 <unknown>\nE       #13 0x5cd94d18e023 <unknown>\nE       #14 0x5cd94d15c1aa <unknown>\nE       #15 0x5cd94d1b26b8 <unknown>\nE       #16 0x5cd94d1b2847 <unknown>\nE       #17 0x5cd94d1c2243 <unknown>\nE       #18 0x7808b9e9caa4 <unknown>\nE       #19 0x7808b9f29c6c <unknown>\n\nvenv/lib/python3.12/site-packages/selenium/webdriver/remote/errorhandler.py:233: WebDriverException"}, "start": 1764061019505, "stop": 1764061019505, "uuid": "b6662525-ed04-469e-90c1-c0839682467a", "historyId": "e34066017523c2fc57fe694deb26fac6", "testCaseId": "e34066017523c2fc57fe694deb26fac6", "fullName": "root.tests.test_login.TestLogin#test_verify_login_ui_elements", "labels": [{"name": "epic", "value": "Evershop Admin"}, {"name": "feature", "value": "Admin Login"}, {"name": "parentSuite", "value": "root.tests"}, {"name": "suite", "value": "test_login"}, {"name": "subSuite", "value": "TestLogin"}, {"name": "host", "value": "Thao-QA"}, {"name": "thread", "value": "121354-MainThread"}, {"name": "framework", "value": "pytest"}, {"name": "language", "value": "cpython3"}, {"name": "package", "value": "root.tests.test_login"}], "titlePath": ["root", "tests", "test_login.py", "TestLogin"]}