{"name": "test_dummy_login_failed_for_demo", "status": "failed", "statusDetails": {"message": "AssertionError: assert False", "trace": "self = <tests.test_login.TestLogin object at 0x106f35d10>\n\n    @allure.feature(\"Login\")\n    def test_dummy_login_failed_for_demo(self):\n        \"\"\"Test fail để xem Allure report có hiện failed không\"\"\"\n>       assert False\nE       assert False\n\nroot/tests/test_login.py:23: AssertionError"}, "description": "Test fail để xem Allure report có hiện failed không", "attachments": [{"name": "failure_test_dummy_login_failed_for_demo", "source": "25b1582a-431f-445e-b19a-b8440554673c-attachment.png", "type": "image/png"}], "start": 1763702709725, "stop": 1763702709725, "uuid": "297f2275-6029-41b5-b951-734726b191dd", "historyId": "744f0dcbbf9347ae8c5e8eaf70a353b6", "testCaseId": "744f0dcbbf9347ae8c5e8eaf70a353b6", "fullName": "root.tests.test_login.TestLogin#test_dummy_login_failed_for_demo", "labels": [{"name": "feature", "value": "Login"}, {"name": "feature", "value": "Admin Login"}, {"name": "epic", "value": "Evershop Admin"}, {"name": "parentSuite", "value": "root.tests"}, {"name": "suite", "value": "test_login"}, {"name": "subSuite", "value": "TestLogin"}, {"name": "host", "value": "192.168.102.11"}, {"name": "thread", "value": "16468-MainThread"}, {"name": "framework", "value": "pytest"}, {"name": "language", "value": "cpython3"}, {"name": "package", "value": "root.tests.test_login"}]}