{"name": "TC011 - Create Product with required Fields", "status": "broken", "statusDetails": {"message": "selenium.common.exceptions.StaleElementReferenceException: Message: stale element reference: stale element not found\n  (Session info: chrome=142.0.7444.175); For documentation on this error, please visit: https://www.selenium.dev/documentation/webdriver/troubleshooting/errors#staleelementreferenceexception\nStacktrace:\n#0 0x555f134bf38a <unknown>\n#1 0x555f12f79b0b <unknown>\n#2 0x555f12f8d2cb <unknown>\n#3 0x555f12f8c09c <unknown>\n#4 0x555f12f81288 <unknown>\n#5 0x555f12f813c2 <unknown>\n#6 0x555f12f7f4bf <unknown>\n#7 0x555f12f8341c <unknown>\n#8 0x555f1301880e <unknown>\n#9 0x555f13017748 <unknown>\n#10 0x555f12fbdaaf <unknown>\n#11 0x555f12fbe7b1 <unknown>\n#12 0x555f134890ef <unknown>\n#13 0x555f1348c1c2 <unknown>\n#14 0x555f134723a3 <unknown>\n#15 0x555f1348c997 <unknown>\n#16 0x555f1345bade <unknown>\n#17 0x555f134ad4e8 <unknown>\n#18 0x555f134ad704 <unknown>\n#19 0x555f134be15c <unknown>\n#20 0x728d2589caa4 <unknown>\n#21 0x728d25929c6c <unknown>", "trace": "self = <tests.test_products.TestProducts object at 0x7c898729c290>\n\n    @allure.title(\"TC011 - Create Product with required Fields\")\n    def test_create_product_with_required_fields(self):\n        product = ProductsPage(self.driver)\n        product.login()\n>       product.click_product_menu()\n\nroot/tests/test_products.py:52: \n_ _ _ _ _ _ _ _ _ _ _ _ _ _ _ _ _ _ _ _ _ _ _ _ _ _ _ _ _ _ _ _ _ _ _ _ _ _ _ _ _ _ _ _ _ _ _ _ _ _ _ _ _ _ _ _ _ _ _ _ _ _ _ _ _ _ _ _ _ _ _ _ _ _ _ _ _ _ _ _ _ _ _ _ _ _ _ _ _ _ _ _ _ _ _ _\nroot/pages/products_page.py:48: in click_product_menu\n    self.click(self.products_menu)\nroot/base/base_page.py:98: in click\n    element = WebDriverWait(self.driver, timeout or self.timeout).until(\nvenv/lib/python3.12/site-packages/selenium/webdriver/support/wait.py:129: in until\n    value = method(self._driver)\n            ^^^^^^^^^^^^^^^^^^^^\nvenv/lib/python3.12/site-packages/selenium/webdriver/support/expected_conditions.py:625: in _predicate\n    element = visibility_of(target)(driver)\n              ^^^^^^^^^^^^^^^^^^^^^^^^^^^^^\nvenv/lib/python3.12/site-packages/selenium/webdriver/support/expected_conditions.py:252: in _predicate\n    return _element_if_visible(element)\n           ^^^^^^^^^^^^^^^^^^^^^^^^^^^^\nvenv/lib/python3.12/site-packages/selenium/webdriver/support/expected_conditions.py:272: in _element_if_visible\n    return element if element.is_displayed() == visibility else False\n                      ^^^^^^^^^^^^^^^^^^^^^^\nvenv/lib/python3.12/site-packages/selenium/webdriver/remote/webelement.py:340: in is_displayed\n    return self.parent.execute_script(f\"/* isDisplayed */return ({isDisplayed_js}).apply(null, arguments);\", self)\n           ^^^^^^^^^^^^^^^^^^^^^^^^^^^^^^^^^^^^^^^^^^^^^^^^^^^^^^^^^^^^^^^^^^^^^^^^^^^^^^^^^^^^^^^^^^^^^^^^^^^^^^^\nvenv/lib/python3.12/site-packages/selenium/webdriver/remote/webdriver.py:555: in execute_script\n    return self.execute(command, {\"script\": script, \"args\": converted_args})[\"value\"]\n           ^^^^^^^^^^^^^^^^^^^^^^^^^^^^^^^^^^^^^^^^^^^^^^^^^^^^^^^^^^^^^^^^^\nvenv/lib/python3.12/site-packages/selenium/webdriver/remote/webdriver.py:458: in execute\n    self.error_handler.check_response(response)\n_ _ _ _ _ _ _ _ _ _ _ _ _ _ _ _ _ _ _ _ _ _ _ _ _ _ _ _ _ _ _ _ _ _ _ _ _ _ _ _ _ _ _ _ _ _ _ _ _ _ _ _ _ _ _ _ _ _ _ _ _ _ _ _ _ _ _ _ _ _ _ _ _ _ _ _ _ _ _ _ _ _ _ _ _ _ _ _ _ _ _ _ _ _ _ _\n\nself = <selenium.webdriver.remote.errorhandler.ErrorHandler object at 0x7c8987219070>\nresponse = {'status': 404, 'value': '{\"value\":{\"error\":\"stale element reference\",\"message\":\"stale element reference: stale elemen...\\\\n#19 0x555f134be15c \\\\u003Cunknown>\\\\n#20 0x728d2589caa4 \\\\u003Cunknown>\\\\n#21 0x728d25929c6c \\\\u003Cunknown>\\\\n\"}}'}\n\n    def check_response(self, response: dict[str, Any]) -> None:\n        \"\"\"Checks that a JSON response from the WebDriver does not have an\n        error.\n    \n        Args:\n            response: The JSON response from the WebDriver server as a dictionary\n                object.\n    \n        Raises:\n            WebDriverException: If the response contains an error message.\n        \"\"\"\n        status = response.get(\"status\", None)\n        if not status or status == ErrorCode.SUCCESS:\n            return\n        value = None\n        message = response.get(\"message\", \"\")\n        screen: str = response.get(\"screen\", \"\")\n        stacktrace = None\n        if isinstance(status, int):\n            value_json = response.get(\"value\", None)\n            if value_json and isinstance(value_json, str):\n                try:\n                    value = json.loads(value_json)\n                    if isinstance(value, dict):\n                        if len(value) == 1:\n                            value = value[\"value\"]\n                        status = value.get(\"error\", None)\n                        if not status:\n                            status = value.get(\"status\", ErrorCode.UNKNOWN_ERROR)\n                            message = value.get(\"value\") or value.get(\"message\")\n                            if not isinstance(message, str):\n                                value = message\n                                message = message.get(\"message\") if isinstance(message, dict) else None\n                        else:\n                            message = value.get(\"message\", None)\n                except ValueError:\n                    pass\n    \n        exception_class: type[WebDriverException]\n        e = ErrorCode()\n        error_codes = [item for item in dir(e) if not item.startswith(\"__\")]\n        for error_code in error_codes:\n            error_info = getattr(ErrorCode, error_code)\n            if isinstance(error_info, list) and status in error_info:\n                exception_class = getattr(ExceptionMapping, error_code, WebDriverException)\n                break\n        else:\n            exception_class = WebDriverException\n    \n        if not value:\n            value = response[\"value\"]\n        if isinstance(value, str):\n            raise exception_class(value)\n        if message == \"\" and \"message\" in value:\n            message = value[\"message\"]\n    \n        screen = None  # type: ignore[assignment]\n        if \"screen\" in value:\n            screen = value[\"screen\"]\n    \n        stacktrace = None\n        st_value = value.get(\"stackTrace\") or value.get(\"stacktrace\")\n        if st_value:\n            if isinstance(st_value, str):\n                stacktrace = st_value.split(\"\\n\")\n            else:\n                stacktrace = []\n                try:\n                    for frame in st_value:\n                        line = frame.get(\"lineNumber\", \"\")\n                        file = frame.get(\"fileName\", \"<anonymous>\")\n                        if line:\n                            file = f\"{file}:{line}\"\n                        meth = frame.get(\"methodName\", \"<anonymous>\")\n                        if \"className\" in frame:\n                            meth = f\"{frame['className']}.{meth}\"\n                        msg = \"    at %s (%s)\"\n                        msg = msg % (meth, file)\n                        stacktrace.append(msg)\n                except TypeError:\n                    pass\n        if exception_class == UnexpectedAlertPresentException:\n            alert_text = None\n            if \"data\" in value:\n                alert_text = value[\"data\"].get(\"text\")\n            elif \"alert\" in value:\n                alert_text = value[\"alert\"].get(\"text\")\n            raise exception_class(message, screen, stacktrace, alert_text)  # type: ignore[call-arg]  # mypy is not smart enough here\n>       raise exception_class(message, screen, stacktrace)\nE       selenium.common.exceptions.StaleElementReferenceException: Message: stale element reference: stale element not found\nE         (Session info: chrome=142.0.7444.175); For documentation on this error, please visit: https://www.selenium.dev/documentation/webdriver/troubleshooting/errors#staleelementreferenceexception\nE       Stacktrace:\nE       #0 0x555f134bf38a <unknown>\nE       #1 0x555f12f79b0b <unknown>\nE       #2 0x555f12f8d2cb <unknown>\nE       #3 0x555f12f8c09c <unknown>\nE       #4 0x555f12f81288 <unknown>\nE       #5 0x555f12f813c2 <unknown>\nE       #6 0x555f12f7f4bf <unknown>\nE       #7 0x555f12f8341c <unknown>\nE       #8 0x555f1301880e <unknown>\nE       #9 0x555f13017748 <unknown>\nE       #10 0x555f12fbdaaf <unknown>\nE       #11 0x555f12fbe7b1 <unknown>\nE       #12 0x555f134890ef <unknown>\nE       #13 0x555f1348c1c2 <unknown>\nE       #14 0x555f134723a3 <unknown>\nE       #15 0x555f1348c997 <unknown>\nE       #16 0x555f1345bade <unknown>\nE       #17 0x555f134ad4e8 <unknown>\nE       #18 0x555f134ad704 <unknown>\nE       #19 0x555f134be15c <unknown>\nE       #20 0x728d2589caa4 <unknown>\nE       #21 0x728d25929c6c <unknown>\n\nvenv/lib/python3.12/site-packages/selenium/webdriver/remote/errorhandler.py:233: StaleElementReferenceException"}, "steps": [{"name": "Type ''admin@e2eevershop.com'' into ('xpath', \"//div[@class = 'form-field']//input[@id = 'field-email']\")", "status": "passed", "steps": [{"name": "Wait for visibility of ('xpath', \"//div[@class = 'form-field']//input[@id = 'field-email']\")", "status": "passed", "parameters": [{"name": "locator", "value": "('xpath', \"//div[@class = 'form-field']//input[@id = 'field-email']\")"}, {"name": "timeout", "value": "None"}], "start": 1764063125051, "stop": 1764063125068}], "parameters": [{"name": "locator", "value": "('xpath', \"//div[@class = 'form-field']//input[@id = 'field-email']\")"}, {"name": "text", "value": "'admin@e2eevershop.com'"}], "start": 1764063125051, "stop": 1764063125141}, {"name": "Type ''A0F4IQUHPvgOsZ44'' into ('xpath', \"//div[@class = 'form-field']//input[@id = 'field-password']\")", "status": "passed", "steps": [{"name": "Wait for visibility of ('xpath', \"//div[@class = 'form-field']//input[@id = 'field-password']\")", "status": "passed", "parameters": [{"name": "locator", "value": "('xpath', \"//div[@class = 'form-field']//input[@id = 'field-password']\")"}, {"name": "timeout", "value": "None"}], "start": 1764063125142, "stop": 1764063125156}], "parameters": [{"name": "locator", "value": "('xpath', \"//div[@class = 'form-field']//input[@id = 'field-password']\")"}, {"name": "text", "value": "'A0F4IQUHPvgOsZ44'"}], "start": 1764063125142, "stop": 1764063125214}, {"name": "Click ('xpath', \"//div[@class = 'form-submit-button flex border-t border-divider mt-4 pt-4 justify-between']//button\")", "status": "passed", "parameters": [{"name": "locator", "value": "('xpath', \"//div[@class = 'form-submit-button flex border-t border-divider mt-4 pt-4 justify-between']//button\")"}, {"name": "timeout", "value": "None"}], "start": 1764063125214, "stop": 1764063125278}, {"name": "Click ('xpath', \"//li[@class='root-nav-item nav-item']//a[@href='https://e2e.evershop.app/admin/products']\")", "status": "broken", "statusDetails": {"message": "selenium.common.exceptions.StaleElementReferenceException: Message: stale element reference: stale element not found\n  (Session info: chrome=142.0.7444.175); For documentation on this error, please visit: https://www.selenium.dev/documentation/webdriver/troubleshooting/errors#staleelementreferenceexception\nStacktrace:\n#0 0x555f134bf38a <unknown>\n#1 0x555f12f79b0b <unknown>\n#2 0x555f12f8d2cb <unknown>\n#3 0x555f12f8c09c <unknown>\n#4 0x555f12f81288 <unknown>\n#5 0x555f12f813c2 <unknown>\n#6 0x555f12f7f4bf <unknown>\n#7 0x555f12f8341c <unknown>\n#8 0x555f1301880e <unknown>\n#9 0x555f13017748 <unknown>\n#10 0x555f12fbdaaf <unknown>\n#11 0x555f12fbe7b1 <unknown>\n#12 0x555f134890ef <unknown>\n#13 0x555f1348c1c2 <unknown>\n#14 0x555f134723a3 <unknown>\n#15 0x555f1348c997 <unknown>\n#16 0x555f1345bade <unknown>\n#17 0x555f134ad4e8 <unknown>\n#18 0x555f134ad704 <unknown>\n#19 0x555f134be15c <unknown>\n#20 0x728d2589caa4 <unknown>\n#21 0x728d25929c6c <unknown>\n\n", "trace": "  File \"/home/thaotran/evershop/venv/lib/python3.12/site-packages/allure_commons/_allure.py\", line 202, in impl\n    return func(*a, **kw)\n           ^^^^^^^^^^^^^^\n  File \"/home/thaotran/evershop/root/base/base_page.py\", line 98, in click\n    element = WebDriverWait(self.driver, timeout or self.timeout).until(\n              ^^^^^^^^^^^^^^^^^^^^^^^^^^^^^^^^^^^^^^^^^^^^^^^^^^^^^^^^^^\n  File \"/home/thaotran/evershop/venv/lib/python3.12/site-packages/selenium/webdriver/support/wait.py\", line 129, in until\n    value = method(self._driver)\n            ^^^^^^^^^^^^^^^^^^^^\n  File \"/home/thaotran/evershop/venv/lib/python3.12/site-packages/selenium/webdriver/support/expected_conditions.py\", line 625, in _predicate\n    element = visibility_of(target)(driver)\n              ^^^^^^^^^^^^^^^^^^^^^^^^^^^^^\n  File \"/home/thaotran/evershop/venv/lib/python3.12/site-packages/selenium/webdriver/support/expected_conditions.py\", line 252, in _predicate\n    return _element_if_visible(element)\n           ^^^^^^^^^^^^^^^^^^^^^^^^^^^^\n  File \"/home/thaotran/evershop/venv/lib/python3.12/site-packages/selenium/webdriver/support/expected_conditions.py\", line 272, in _element_if_visible\n    return element if element.is_displayed() == visibility else False\n                      ^^^^^^^^^^^^^^^^^^^^^^\n  File \"/home/thaotran/evershop/venv/lib/python3.12/site-packages/selenium/webdriver/remote/webelement.py\", line 340, in is_displayed\n    return self.parent.execute_script(f\"/* isDisplayed */return ({isDisplayed_js}).apply(null, arguments);\", self)\n           ^^^^^^^^^^^^^^^^^^^^^^^^^^^^^^^^^^^^^^^^^^^^^^^^^^^^^^^^^^^^^^^^^^^^^^^^^^^^^^^^^^^^^^^^^^^^^^^^^^^^^^^\n  File \"/home/thaotran/evershop/venv/lib/python3.12/site-packages/selenium/webdriver/remote/webdriver.py\", line 555, in execute_script\n    return self.execute(command, {\"script\": script, \"args\": converted_args})[\"value\"]\n           ^^^^^^^^^^^^^^^^^^^^^^^^^^^^^^^^^^^^^^^^^^^^^^^^^^^^^^^^^^^^^^^^^\n  File \"/home/thaotran/evershop/venv/lib/python3.12/site-packages/selenium/webdriver/remote/webdriver.py\", line 458, in execute\n    self.error_handler.check_response(response)\n  File \"/home/thaotran/evershop/venv/lib/python3.12/site-packages/selenium/webdriver/remote/errorhandler.py\", line 233, in check_response\n    raise exception_class(message, screen, stacktrace)\n"}, "parameters": [{"name": "locator", "value": "('xpath', \"//li[@class='root-nav-item nav-item']//a[@href='https://e2e.evershop.app/admin/products']\")"}, {"name": "timeout", "value": "None"}], "start": 1764063125278, "stop": 1764063126087}], "attachments": [{"name": "failure_test_create_product_with_required_fields", "source": "01e02855-feaa-4cd8-b41e-4188bdd5f896-attachment.png", "type": "image/png"}], "start": 1764063125051, "stop": 1764063126088, "uuid": "0395842b-d68d-4af1-8b93-ba25a21752ab", "historyId": "3b52991cc3939289073da3bcb5fafd6c", "testCaseId": "3b52991cc3939289073da3bcb5fafd6c", "fullName": "root.tests.test_products.TestProducts#test_create_product_with_required_fields", "labels": [{"name": "epic", "value": "E-commerce Admin"}, {"name": "feature", "value": "Product Module"}, {"name": "parentSuite", "value": "root.tests"}, {"name": "suite", "value": "test_products"}, {"name": "subSuite", "value": "TestProducts"}, {"name": "host", "value": "Thao-QA"}, {"name": "thread", "value": "194926-MainThread"}, {"name": "framework", "value": "pytest"}, {"name": "language", "value": "cpython3"}, {"name": "package", "value": "root.tests.test_products"}], "titlePath": ["root", "tests", "test_products.py", "TestProducts"]}