{"uid":"28006be2d8b5d07d","name":"TC003 - Verify Login Successfully with Valid Credentials","fullName":"root.tests.test_login.TestLogin#test_login_valid_credentials","historyId":"375777dff884f332f2264c6dd97fcd82","time":{"start":1764063239539,"stop":1764063271797,"duration":32258},"status":"broken","statusMessage":"selenium.common.exceptions.TimeoutException: Message: \nStacktrace:\n#0 0x5adb7b98838a <unknown>\n#1 0x5adb7b442b0b <unknown>\n#2 0x5adb7b4945b4 <unknown>\n#3 0x5adb7b4947f1 <unknown>\n#4 0x5adb7b4e33e4 <unknown>\n#5 0x5adb7b4e0748 <unknown>\n#6 0x5adb7b486aaf <unknown>\n#7 0x5adb7b4877b1 <unknown>\n#8 0x5adb7b9520ef <unknown>\n#9 0x5adb7b9551c2 <unknown>\n#10 0x5adb7b93b3a3 <unknown>\n#11 0x5adb7b955997 <unknown>\n#12 0x5adb7b924ade <unknown>\n#13 0x5adb7b9764e8 <unknown>\n#14 0x5adb7b976704 <unknown>\n#15 0x5adb7b98715c <unknown>\n#16 0x7c53d209caa4 <unknown>\n#17 0x7c53d2129c6c <unknown>","statusTrace":"self = <tests.test_login.TestLogin object at 0x7a1b6751f2c0>\n\n    @allure.title(\"TC003 - Verify Login Successfully with Valid Credentials\")\n    def test_login_valid_credentials(self):\n        login_page = LoginPage(self.driver)\n        login_page.login(*ConfigReader.get_email_password())\n>       login_page.wait_for_dashboard()\n\nroot/tests/test_login.py:34: \n_ _ _ _ _ _ _ _ _ _ _ _ _ _ _ _ _ _ _ _ _ _ _ _ _ _ _ _ _ _ _ _ _ _ _ _ _ _ _ _ _ _ _ _ _ _ _ _ _ _ _ _ _ _ _ _ _ _ _ _ _ _ _ _ _ _ _ _ _ _ _ _ _ _ _ _ _ _ _ _ _ _ _ _ _ _ _ _ _ _ _ _ _ _ _ _\nroot/pages/login_page.py:120: in wait_for_dashboard\n    self.wait_for_visible(self.dashboard_title)\nroot/base/base_page.py:50: in wait_for_visible\n    return WebDriverWait(self.driver, timeout or self.timeout).until(\n_ _ _ _ _ _ _ _ _ _ _ _ _ _ _ _ _ _ _ _ _ _ _ _ _ _ _ _ _ _ _ _ _ _ _ _ _ _ _ _ _ _ _ _ _ _ _ _ _ _ _ _ _ _ _ _ _ _ _ _ _ _ _ _ _ _ _ _ _ _ _ _ _ _ _ _ _ _ _ _ _ _ _ _ _ _ _ _ _ _ _ _ _ _ _ _\n\nself = <selenium.webdriver.support.wait.WebDriverWait (session=\"cdb54b356e975335b47015eb505c4a20\")>, method = <function visibility_of_element_located.<locals>._predicate at 0x7a1b673a6840>\nmessage = ''\n\n    def until(self, method: Callable[[D], Union[Literal[False], T]], message: str = \"\") -> T:\n        \"\"\"Wait until the method returns a value that is not False.\n    \n        Calls the method provided with the driver as an argument until the\n        return value does not evaluate to ``False``.\n    \n        Parameters:\n        -----------\n        method: callable(WebDriver)\n            - A callable object that takes a WebDriver instance as an argument.\n    \n        message: str\n            - Optional message for :exc:`TimeoutException`\n    \n        Return:\n        -------\n        object: T\n            - The result of the last call to `method`\n    \n        Raises:\n        -------\n        TimeoutException\n            - If 'method' does not return a truthy value within the WebDriverWait\n            object's timeout\n    \n        Example:\n        --------\n        >>> from selenium.webdriver.common.by import By\n        >>> from selenium.webdriver.support.ui import WebDriverWait\n        >>> from selenium.webdriver.support import expected_conditions as EC\n    \n        # Wait until an element is visible on the page\n        >>> wait = WebDriverWait(driver, 10)\n        >>> element = wait.until(EC.visibility_of_element_located((By.ID, \"exampleId\")))\n        >>> print(element.text)\n        \"\"\"\n        screen = None\n        stacktrace = None\n    \n        end_time = time.monotonic() + self._timeout\n        while True:\n            try:\n                value = method(self._driver)\n                if value:\n                    return value\n            except self._ignored_exceptions as exc:\n                screen = getattr(exc, \"screen\", None)\n                stacktrace = getattr(exc, \"stacktrace\", None)\n            if time.monotonic() > end_time:\n                break\n            time.sleep(self._poll)\n>       raise TimeoutException(message, screen, stacktrace)\nE       selenium.common.exceptions.TimeoutException: Message: \nE       Stacktrace:\nE       #0 0x5adb7b98838a <unknown>\nE       #1 0x5adb7b442b0b <unknown>\nE       #2 0x5adb7b4945b4 <unknown>\nE       #3 0x5adb7b4947f1 <unknown>\nE       #4 0x5adb7b4e33e4 <unknown>\nE       #5 0x5adb7b4e0748 <unknown>\nE       #6 0x5adb7b486aaf <unknown>\nE       #7 0x5adb7b4877b1 <unknown>\nE       #8 0x5adb7b9520ef <unknown>\nE       #9 0x5adb7b9551c2 <unknown>\nE       #10 0x5adb7b93b3a3 <unknown>\nE       #11 0x5adb7b955997 <unknown>\nE       #12 0x5adb7b924ade <unknown>\nE       #13 0x5adb7b9764e8 <unknown>\nE       #14 0x5adb7b976704 <unknown>\nE       #15 0x5adb7b98715c <unknown>\nE       #16 0x7c53d209caa4 <unknown>\nE       #17 0x7c53d2129c6c <unknown>\n\nvenv/lib/python3.12/site-packages/selenium/webdriver/support/wait.py:138: TimeoutException","flaky":false,"newFailed":false,"newBroken":false,"newPassed":false,"retriesCount":0,"retriesStatusChange":false,"beforeStages":[{"name":"setup","time":{"start":1764063237710,"stop":1764063239538,"duration":1828},"status":"passed","steps":[],"attachments":[],"parameters":[],"shouldDisplayMessage":false,"stepsCount":0,"attachmentsCount":0,"hasContent":false,"attachmentStep":false}],"testStage":{"status":"broken","statusMessage":"selenium.common.exceptions.TimeoutException: Message: \nStacktrace:\n#0 0x5adb7b98838a <unknown>\n#1 0x5adb7b442b0b <unknown>\n#2 0x5adb7b4945b4 <unknown>\n#3 0x5adb7b4947f1 <unknown>\n#4 0x5adb7b4e33e4 <unknown>\n#5 0x5adb7b4e0748 <unknown>\n#6 0x5adb7b486aaf <unknown>\n#7 0x5adb7b4877b1 <unknown>\n#8 0x5adb7b9520ef <unknown>\n#9 0x5adb7b9551c2 <unknown>\n#10 0x5adb7b93b3a3 <unknown>\n#11 0x5adb7b955997 <unknown>\n#12 0x5adb7b924ade <unknown>\n#13 0x5adb7b9764e8 <unknown>\n#14 0x5adb7b976704 <unknown>\n#15 0x5adb7b98715c <unknown>\n#16 0x7c53d209caa4 <unknown>\n#17 0x7c53d2129c6c <unknown>","statusTrace":"self = <tests.test_login.TestLogin object at 0x7a1b6751f2c0>\n\n    @allure.title(\"TC003 - Verify Login Successfully with Valid Credentials\")\n    def test_login_valid_credentials(self):\n        login_page = LoginPage(self.driver)\n        login_page.login(*ConfigReader.get_email_password())\n>       login_page.wait_for_dashboard()\n\nroot/tests/test_login.py:34: \n_ _ _ _ _ _ _ _ _ _ _ _ _ _ _ _ _ _ _ _ _ _ _ _ _ _ _ _ _ _ _ _ _ _ _ _ _ _ _ _ _ _ _ _ _ _ _ _ _ _ _ _ _ _ _ _ _ _ _ _ _ _ _ _ _ _ _ _ _ _ _ _ _ _ _ _ _ _ _ _ _ _ _ _ _ _ _ _ _ _ _ _ _ _ _ _\nroot/pages/login_page.py:120: in wait_for_dashboard\n    self.wait_for_visible(self.dashboard_title)\nroot/base/base_page.py:50: in wait_for_visible\n    return WebDriverWait(self.driver, timeout or self.timeout).until(\n_ _ _ _ _ _ _ _ _ _ _ _ _ _ _ _ _ _ _ _ _ _ _ _ _ _ _ _ _ _ _ _ _ _ _ _ _ _ _ _ _ _ _ _ _ _ _ _ _ _ _ _ _ _ _ _ _ _ _ _ _ _ _ _ _ _ _ _ _ _ _ _ _ _ _ _ _ _ _ _ _ _ _ _ _ _ _ _ _ _ _ _ _ _ _ _\n\nself = <selenium.webdriver.support.wait.WebDriverWait (session=\"cdb54b356e975335b47015eb505c4a20\")>, method = <function visibility_of_element_located.<locals>._predicate at 0x7a1b673a6840>\nmessage = ''\n\n    def until(self, method: Callable[[D], Union[Literal[False], T]], message: str = \"\") -> T:\n        \"\"\"Wait until the method returns a value that is not False.\n    \n        Calls the method provided with the driver as an argument until the\n        return value does not evaluate to ``False``.\n    \n        Parameters:\n        -----------\n        method: callable(WebDriver)\n            - A callable object that takes a WebDriver instance as an argument.\n    \n        message: str\n            - Optional message for :exc:`TimeoutException`\n    \n        Return:\n        -------\n        object: T\n            - The result of the last call to `method`\n    \n        Raises:\n        -------\n        TimeoutException\n            - If 'method' does not return a truthy value within the WebDriverWait\n            object's timeout\n    \n        Example:\n        --------\n        >>> from selenium.webdriver.common.by import By\n        >>> from selenium.webdriver.support.ui import WebDriverWait\n        >>> from selenium.webdriver.support import expected_conditions as EC\n    \n        # Wait until an element is visible on the page\n        >>> wait = WebDriverWait(driver, 10)\n        >>> element = wait.until(EC.visibility_of_element_located((By.ID, \"exampleId\")))\n        >>> print(element.text)\n        \"\"\"\n        screen = None\n        stacktrace = None\n    \n        end_time = time.monotonic() + self._timeout\n        while True:\n            try:\n                value = method(self._driver)\n                if value:\n                    return value\n            except self._ignored_exceptions as exc:\n                screen = getattr(exc, \"screen\", None)\n                stacktrace = getattr(exc, \"stacktrace\", None)\n            if time.monotonic() > end_time:\n                break\n            time.sleep(self._poll)\n>       raise TimeoutException(message, screen, stacktrace)\nE       selenium.common.exceptions.TimeoutException: Message: \nE       Stacktrace:\nE       #0 0x5adb7b98838a <unknown>\nE       #1 0x5adb7b442b0b <unknown>\nE       #2 0x5adb7b4945b4 <unknown>\nE       #3 0x5adb7b4947f1 <unknown>\nE       #4 0x5adb7b4e33e4 <unknown>\nE       #5 0x5adb7b4e0748 <unknown>\nE       #6 0x5adb7b486aaf <unknown>\nE       #7 0x5adb7b4877b1 <unknown>\nE       #8 0x5adb7b9520ef <unknown>\nE       #9 0x5adb7b9551c2 <unknown>\nE       #10 0x5adb7b93b3a3 <unknown>\nE       #11 0x5adb7b955997 <unknown>\nE       #12 0x5adb7b924ade <unknown>\nE       #13 0x5adb7b9764e8 <unknown>\nE       #14 0x5adb7b976704 <unknown>\nE       #15 0x5adb7b98715c <unknown>\nE       #16 0x7c53d209caa4 <unknown>\nE       #17 0x7c53d2129c6c <unknown>\n\nvenv/lib/python3.12/site-packages/selenium/webdriver/support/wait.py:138: TimeoutException","steps":[{"name":"Type ''admin@e2eevershop.com'' into ('xpath', \"//div[@class = 'form-field']//input[@id = 'field-email']\")","time":{"start":1764063239539,"stop":1764063239628,"duration":89},"status":"passed","steps":[{"name":"Wait for visibility of ('xpath', \"//div[@class = 'form-field']//input[@id = 'field-email']\")","time":{"start":1764063239539,"stop":1764063239557,"duration":18},"status":"passed","steps":[],"attachments":[],"parameters":[{"name":"locator","value":"('xpath', \"//div[@class = 'form-field']//input[@id = 'field-email']\")"},{"name":"timeout","value":"None"}],"shouldDisplayMessage":false,"stepsCount":0,"attachmentsCount":0,"hasContent":true,"attachmentStep":false}],"attachments":[],"parameters":[{"name":"locator","value":"('xpath', \"//div[@class = 'form-field']//input[@id = 'field-email']\")"},{"name":"text","value":"'admin@e2eevershop.com'"}],"shouldDisplayMessage":false,"stepsCount":1,"attachmentsCount":0,"hasContent":true,"attachmentStep":false},{"name":"Type ''1A0F4IQUHPvgOsZ44'' into ('xpath', \"//div[@class = 'form-field']//input[@id = 'field-password']\")","time":{"start":1764063239629,"stop":1764063239700,"duration":71},"status":"passed","steps":[{"name":"Wait for visibility of ('xpath', \"//div[@class = 'form-field']//input[@id = 'field-password']\")","time":{"start":1764063239629,"stop":1764063239641,"duration":12},"status":"passed","steps":[],"attachments":[],"parameters":[{"name":"locator","value":"('xpath', \"//div[@class = 'form-field']//input[@id = 'field-password']\")"},{"name":"timeout","value":"None"}],"shouldDisplayMessage":false,"stepsCount":0,"attachmentsCount":0,"hasContent":true,"attachmentStep":false}],"attachments":[],"parameters":[{"name":"locator","value":"('xpath', \"//div[@class = 'form-field']//input[@id = 'field-password']\")"},{"name":"text","value":"'1A0F4IQUHPvgOsZ44'"}],"shouldDisplayMessage":false,"stepsCount":1,"attachmentsCount":0,"hasContent":true,"attachmentStep":false},{"name":"Click ('xpath', \"//div[@class = 'form-submit-button flex border-t border-divider mt-4 pt-4 justify-between']//button\")","time":{"start":1764063239700,"stop":1764063239758,"duration":58},"status":"passed","steps":[],"attachments":[],"parameters":[{"name":"locator","value":"('xpath', \"//div[@class = 'form-submit-button flex border-t border-divider mt-4 pt-4 justify-between']//button\")"},{"name":"timeout","value":"None"}],"shouldDisplayMessage":false,"stepsCount":0,"attachmentsCount":0,"hasContent":true,"attachmentStep":false},{"name":"Wait for visibility of ('xpath', \"//div[@class = 'flex justify-start space-x-2 items-center']\")","time":{"start":1764063239758,"stop":1764063271796,"duration":32038},"status":"broken","statusMessage":"selenium.common.exceptions.TimeoutException: Message: \nStacktrace:\n#0 0x5adb7b98838a <unknown>\n#1 0x5adb7b442b0b <unknown>\n#2 0x5adb7b4945b4 <unknown>\n#3 0x5adb7b4947f1 <unknown>\n#4 0x5adb7b4e33e4 <unknown>\n#5 0x5adb7b4e0748 <unknown>\n#6 0x5adb7b486aaf <unknown>\n#7 0x5adb7b4877b1 <unknown>\n#8 0x5adb7b9520ef <unknown>\n#9 0x5adb7b9551c2 <unknown>\n#10 0x5adb7b93b3a3 <unknown>\n#11 0x5adb7b955997 <unknown>\n#12 0x5adb7b924ade <unknown>\n#13 0x5adb7b9764e8 <unknown>\n#14 0x5adb7b976704 <unknown>\n#15 0x5adb7b98715c <unknown>\n#16 0x7c53d209caa4 <unknown>\n#17 0x7c53d2129c6c <unknown>\n\n","statusTrace":"  File \"/home/thaotran/evershop/venv/lib/python3.12/site-packages/allure_commons/_allure.py\", line 202, in impl\n    return func(*a, **kw)\n           ^^^^^^^^^^^^^^\n  File \"/home/thaotran/evershop/root/base/base_page.py\", line 50, in wait_for_visible\n    return WebDriverWait(self.driver, timeout or self.timeout).until(\n           ^^^^^^^^^^^^^^^^^^^^^^^^^^^^^^^^^^^^^^^^^^^^^^^^^^^^^^^^^^\n  File \"/home/thaotran/evershop/venv/lib/python3.12/site-packages/selenium/webdriver/support/wait.py\", line 138, in until\n    raise TimeoutException(message, screen, stacktrace)\n","steps":[],"attachments":[],"parameters":[{"name":"locator","value":"('xpath', \"//div[@class = 'flex justify-start space-x-2 items-center']\")"},{"name":"timeout","value":"None"}],"shouldDisplayMessage":true,"stepsCount":0,"attachmentsCount":0,"hasContent":true,"attachmentStep":false}],"attachments":[{"uid":"16dde7d37e484c3d","name":"failure_test_login_valid_credentials","source":"16dde7d37e484c3d.png","type":"image/png","size":22741}],"parameters":[],"shouldDisplayMessage":true,"stepsCount":6,"attachmentsCount":1,"hasContent":true,"attachmentStep":false},"afterStages":[{"name":"setup::0","time":{"start":1764063271836,"stop":1764063271893,"duration":57},"status":"passed","steps":[],"attachments":[],"parameters":[],"shouldDisplayMessage":false,"stepsCount":0,"attachmentsCount":0,"hasContent":false,"attachmentStep":false}],"labels":[{"name":"epic","value":"Evershop Admin"},{"name":"feature","value":"Admin Login"},{"name":"parentSuite","value":"root.tests"},{"name":"suite","value":"test_login"},{"name":"subSuite","value":"TestLogin"},{"name":"host","value":"Thao-QA"},{"name":"thread","value":"203547-MainThread"},{"name":"framework","value":"pytest"},{"name":"language","value":"cpython3"},{"name":"package","value":"root.tests.test_login"},{"name":"resultFormat","value":"allure2"}],"parameters":[],"links":[],"hidden":true,"retry":true,"extra":{"categories":[],"tags":[]},"source":"28006be2d8b5d07d.json","parameterValues":[]}