{"uid":"60090fca64dc7fc0","name":"TC012 - Validation for Required Fields","fullName":"root.tests.test_products.TestProducts#test_required_fields_validation","historyId":"b8c9a254985ccea083d8d4a220d91203","time":{"start":1764063499599,"stop":1764063532060,"duration":32461},"status":"broken","statusMessage":"selenium.common.exceptions.TimeoutException: Message:","statusTrace":"self = <tests.test_products.TestProducts object at 0x7a1b673b9af0>\n\n    @allure.title(\"TC012 - Validation for Required Fields\")\n    def test_required_fields_validation(self):\n        product = ProductsPage(self.driver)\n        product.login()\n>       product.click_product_menu()\n\nroot/tests/test_products.py:67: \n_ _ _ _ _ _ _ _ _ _ _ _ _ _ _ _ _ _ _ _ _ _ _ _ _ _ _ _ _ _ _ _ _ _ _ _ _ _ _ _ _ _ _ _ _ _ _ _ _ _ _ _ _ _ _ _ _ _ _ _ _ _ _ _ _ _ _ _ _ _ _ _ _ _ _ _ _ _ _ _ _ _ _ _ _ _ _ _ _ _ _ _ _ _ _ _\nroot/pages/products_page.py:48: in click_product_menu\n    self.click(self.products_menu)\nroot/base/base_page.py:98: in click\n    element = WebDriverWait(self.driver, timeout or self.timeout).until(\n_ _ _ _ _ _ _ _ _ _ _ _ _ _ _ _ _ _ _ _ _ _ _ _ _ _ _ _ _ _ _ _ _ _ _ _ _ _ _ _ _ _ _ _ _ _ _ _ _ _ _ _ _ _ _ _ _ _ _ _ _ _ _ _ _ _ _ _ _ _ _ _ _ _ _ _ _ _ _ _ _ _ _ _ _ _ _ _ _ _ _ _ _ _ _ _\n\nself = <selenium.webdriver.support.wait.WebDriverWait (session=\"3396f68dfe24ecb37fe534dbc8112324\")>, method = <function element_to_be_clickable.<locals>._predicate at 0x7a1b67424540>\nmessage = ''\n\n    def until(self, method: Callable[[D], Union[Literal[False], T]], message: str = \"\") -> T:\n        \"\"\"Wait until the method returns a value that is not False.\n    \n        Calls the method provided with the driver as an argument until the\n        return value does not evaluate to ``False``.\n    \n        Parameters:\n        -----------\n        method: callable(WebDriver)\n            - A callable object that takes a WebDriver instance as an argument.\n    \n        message: str\n            - Optional message for :exc:`TimeoutException`\n    \n        Return:\n        -------\n        object: T\n            - The result of the last call to `method`\n    \n        Raises:\n        -------\n        TimeoutException\n            - If 'method' does not return a truthy value within the WebDriverWait\n            object's timeout\n    \n        Example:\n        --------\n        >>> from selenium.webdriver.common.by import By\n        >>> from selenium.webdriver.support.ui import WebDriverWait\n        >>> from selenium.webdriver.support import expected_conditions as EC\n    \n        # Wait until an element is visible on the page\n        >>> wait = WebDriverWait(driver, 10)\n        >>> element = wait.until(EC.visibility_of_element_located((By.ID, \"exampleId\")))\n        >>> print(element.text)\n        \"\"\"\n        screen = None\n        stacktrace = None\n    \n        end_time = time.monotonic() + self._timeout\n        while True:\n            try:\n                value = method(self._driver)\n                if value:\n                    return value\n            except self._ignored_exceptions as exc:\n                screen = getattr(exc, \"screen\", None)\n                stacktrace = getattr(exc, \"stacktrace\", None)\n            if time.monotonic() > end_time:\n                break\n            time.sleep(self._poll)\n>       raise TimeoutException(message, screen, stacktrace)\nE       selenium.common.exceptions.TimeoutException: Message:\n\nvenv/lib/python3.12/site-packages/selenium/webdriver/support/wait.py:138: TimeoutException","flaky":false,"newFailed":false,"newBroken":false,"newPassed":false,"retriesCount":0,"retriesStatusChange":false,"beforeStages":[{"name":"setup","time":{"start":1764063497463,"stop":1764063499599,"duration":2136},"status":"passed","steps":[],"attachments":[],"parameters":[],"shouldDisplayMessage":false,"stepsCount":0,"attachmentsCount":0,"hasContent":false,"attachmentStep":false}],"testStage":{"status":"broken","statusMessage":"selenium.common.exceptions.TimeoutException: Message:","statusTrace":"self = <tests.test_products.TestProducts object at 0x7a1b673b9af0>\n\n    @allure.title(\"TC012 - Validation for Required Fields\")\n    def test_required_fields_validation(self):\n        product = ProductsPage(self.driver)\n        product.login()\n>       product.click_product_menu()\n\nroot/tests/test_products.py:67: \n_ _ _ _ _ _ _ _ _ _ _ _ _ _ _ _ _ _ _ _ _ _ _ _ _ _ _ _ _ _ _ _ _ _ _ _ _ _ _ _ _ _ _ _ _ _ _ _ _ _ _ _ _ _ _ _ _ _ _ _ _ _ _ _ _ _ _ _ _ _ _ _ _ _ _ _ _ _ _ _ _ _ _ _ _ _ _ _ _ _ _ _ _ _ _ _\nroot/pages/products_page.py:48: in click_product_menu\n    self.click(self.products_menu)\nroot/base/base_page.py:98: in click\n    element = WebDriverWait(self.driver, timeout or self.timeout).until(\n_ _ _ _ _ _ _ _ _ _ _ _ _ _ _ _ _ _ _ _ _ _ _ _ _ _ _ _ _ _ _ _ _ _ _ _ _ _ _ _ _ _ _ _ _ _ _ _ _ _ _ _ _ _ _ _ _ _ _ _ _ _ _ _ _ _ _ _ _ _ _ _ _ _ _ _ _ _ _ _ _ _ _ _ _ _ _ _ _ _ _ _ _ _ _ _\n\nself = <selenium.webdriver.support.wait.WebDriverWait (session=\"3396f68dfe24ecb37fe534dbc8112324\")>, method = <function element_to_be_clickable.<locals>._predicate at 0x7a1b67424540>\nmessage = ''\n\n    def until(self, method: Callable[[D], Union[Literal[False], T]], message: str = \"\") -> T:\n        \"\"\"Wait until the method returns a value that is not False.\n    \n        Calls the method provided with the driver as an argument until the\n        return value does not evaluate to ``False``.\n    \n        Parameters:\n        -----------\n        method: callable(WebDriver)\n            - A callable object that takes a WebDriver instance as an argument.\n    \n        message: str\n            - Optional message for :exc:`TimeoutException`\n    \n        Return:\n        -------\n        object: T\n            - The result of the last call to `method`\n    \n        Raises:\n        -------\n        TimeoutException\n            - If 'method' does not return a truthy value within the WebDriverWait\n            object's timeout\n    \n        Example:\n        --------\n        >>> from selenium.webdriver.common.by import By\n        >>> from selenium.webdriver.support.ui import WebDriverWait\n        >>> from selenium.webdriver.support import expected_conditions as EC\n    \n        # Wait until an element is visible on the page\n        >>> wait = WebDriverWait(driver, 10)\n        >>> element = wait.until(EC.visibility_of_element_located((By.ID, \"exampleId\")))\n        >>> print(element.text)\n        \"\"\"\n        screen = None\n        stacktrace = None\n    \n        end_time = time.monotonic() + self._timeout\n        while True:\n            try:\n                value = method(self._driver)\n                if value:\n                    return value\n            except self._ignored_exceptions as exc:\n                screen = getattr(exc, \"screen\", None)\n                stacktrace = getattr(exc, \"stacktrace\", None)\n            if time.monotonic() > end_time:\n                break\n            time.sleep(self._poll)\n>       raise TimeoutException(message, screen, stacktrace)\nE       selenium.common.exceptions.TimeoutException: Message:\n\nvenv/lib/python3.12/site-packages/selenium/webdriver/support/wait.py:138: TimeoutException","steps":[{"name":"Type ''admin@e2eevershop.com'' into ('xpath', \"//div[@class = 'form-field']//input[@id = 'field-email']\")","time":{"start":1764063499600,"stop":1764063499713,"duration":113},"status":"passed","steps":[{"name":"Wait for visibility of ('xpath', \"//div[@class = 'form-field']//input[@id = 'field-email']\")","time":{"start":1764063499600,"stop":1764063499620,"duration":20},"status":"passed","steps":[],"attachments":[],"parameters":[{"name":"locator","value":"('xpath', \"//div[@class = 'form-field']//input[@id = 'field-email']\")"},{"name":"timeout","value":"None"}],"shouldDisplayMessage":false,"stepsCount":0,"attachmentsCount":0,"hasContent":true,"attachmentStep":false}],"attachments":[],"parameters":[{"name":"locator","value":"('xpath', \"//div[@class = 'form-field']//input[@id = 'field-email']\")"},{"name":"text","value":"'admin@e2eevershop.com'"}],"shouldDisplayMessage":false,"stepsCount":1,"attachmentsCount":0,"hasContent":true,"attachmentStep":false},{"name":"Type ''1A0F4IQUHPvgOsZ44'' into ('xpath', \"//div[@class = 'form-field']//input[@id = 'field-password']\")","time":{"start":1764063499713,"stop":1764063499791,"duration":78},"status":"passed","steps":[{"name":"Wait for visibility of ('xpath', \"//div[@class = 'form-field']//input[@id = 'field-password']\")","time":{"start":1764063499713,"stop":1764063499728,"duration":15},"status":"passed","steps":[],"attachments":[],"parameters":[{"name":"locator","value":"('xpath', \"//div[@class = 'form-field']//input[@id = 'field-password']\")"},{"name":"timeout","value":"None"}],"shouldDisplayMessage":false,"stepsCount":0,"attachmentsCount":0,"hasContent":true,"attachmentStep":false}],"attachments":[],"parameters":[{"name":"locator","value":"('xpath', \"//div[@class = 'form-field']//input[@id = 'field-password']\")"},{"name":"text","value":"'1A0F4IQUHPvgOsZ44'"}],"shouldDisplayMessage":false,"stepsCount":1,"attachmentsCount":0,"hasContent":true,"attachmentStep":false},{"name":"Click ('xpath', \"//div[@class = 'form-submit-button flex border-t border-divider mt-4 pt-4 justify-between']//button\")","time":{"start":1764063499791,"stop":1764063499860,"duration":69},"status":"passed","steps":[],"attachments":[],"parameters":[{"name":"locator","value":"('xpath', \"//div[@class = 'form-submit-button flex border-t border-divider mt-4 pt-4 justify-between']//button\")"},{"name":"timeout","value":"None"}],"shouldDisplayMessage":false,"stepsCount":0,"attachmentsCount":0,"hasContent":true,"attachmentStep":false},{"name":"Click ('xpath', \"//li[@class='root-nav-item nav-item']//a[@href='https://e2e.evershop.app/admin/products']\")","time":{"start":1764063499860,"stop":1764063532060,"duration":32200},"status":"broken","statusMessage":"selenium.common.exceptions.TimeoutException: Message: \n\n","statusTrace":"  File \"/home/thaotran/evershop/venv/lib/python3.12/site-packages/allure_commons/_allure.py\", line 202, in impl\n    return func(*a, **kw)\n           ^^^^^^^^^^^^^^\n  File \"/home/thaotran/evershop/root/base/base_page.py\", line 98, in click\n    element = WebDriverWait(self.driver, timeout or self.timeout).until(\n              ^^^^^^^^^^^^^^^^^^^^^^^^^^^^^^^^^^^^^^^^^^^^^^^^^^^^^^^^^^\n  File \"/home/thaotran/evershop/venv/lib/python3.12/site-packages/selenium/webdriver/support/wait.py\", line 138, in until\n    raise TimeoutException(message, screen, stacktrace)\n","steps":[],"attachments":[],"parameters":[{"name":"locator","value":"('xpath', \"//li[@class='root-nav-item nav-item']//a[@href='https://e2e.evershop.app/admin/products']\")"},{"name":"timeout","value":"None"}],"shouldDisplayMessage":true,"stepsCount":0,"attachmentsCount":0,"hasContent":true,"attachmentStep":false}],"attachments":[{"uid":"b18a0dda738ccc01","name":"failure_test_required_fields_validation","source":"b18a0dda738ccc01.png","type":"image/png","size":22741}],"parameters":[],"shouldDisplayMessage":true,"stepsCount":6,"attachmentsCount":1,"hasContent":true,"attachmentStep":false},"afterStages":[{"name":"setup::0","time":{"start":1764063532088,"stop":1764063532145,"duration":57},"status":"passed","steps":[],"attachments":[],"parameters":[],"shouldDisplayMessage":false,"stepsCount":0,"attachmentsCount":0,"hasContent":false,"attachmentStep":false}],"labels":[{"name":"epic","value":"E-commerce Admin"},{"name":"feature","value":"Product Module"},{"name":"parentSuite","value":"root.tests"},{"name":"suite","value":"test_products"},{"name":"subSuite","value":"TestProducts"},{"name":"host","value":"Thao-QA"},{"name":"thread","value":"203547-MainThread"},{"name":"framework","value":"pytest"},{"name":"language","value":"cpython3"},{"name":"package","value":"root.tests.test_products"},{"name":"resultFormat","value":"allure2"}],"parameters":[],"links":[],"hidden":true,"retry":true,"extra":{"categories":[],"tags":[]},"source":"60090fca64dc7fc0.json","parameterValues":[]}