{"uid":"77efe5cc57bd342f","name":"TC005 - Search Product by Name","fullName":"root.tests.test_products.TestProducts#test_search_product","historyId":"4f0f5e21b0145f80cc3b0108862611dd","time":{"start":1764062513624,"stop":1764062514657,"duration":1033},"status":"broken","statusMessage":"selenium.common.exceptions.StaleElementReferenceException: Message: stale element reference: stale element not found\n  (Session info: chrome=142.0.7444.175); For documentation on this error, please visit: https://www.selenium.dev/documentation/webdriver/troubleshooting/errors#staleelementreferenceexception\nStacktrace:\n#0 0x64f2b8e0a38a <unknown>\n#1 0x64f2b88c4b0b <unknown>\n#2 0x64f2b88d82cb <unknown>\n#3 0x64f2b88d709c <unknown>\n#4 0x64f2b88cc288 <unknown>\n#5 0x64f2b88cc3c2 <unknown>\n#6 0x64f2b88ca4bf <unknown>\n#7 0x64f2b88ce41c <unknown>\n#8 0x64f2b896380e <unknown>\n#9 0x64f2b8962748 <unknown>\n#10 0x64f2b8908aaf <unknown>\n#11 0x64f2b89097b1 <unknown>\n#12 0x64f2b8dd40ef <unknown>\n#13 0x64f2b8dd71c2 <unknown>\n#14 0x64f2b8dbd3a3 <unknown>\n#15 0x64f2b8dd7997 <unknown>\n#16 0x64f2b8da6ade <unknown>\n#17 0x64f2b8df84e8 <unknown>\n#18 0x64f2b8df8704 <unknown>\n#19 0x64f2b8e0915c <unknown>\n#20 0x761a1129caa4 <unknown>\n#21 0x761a11329c6c <unknown>","statusTrace":"root/tests/test_products.py:30: in test_search_product\n    product.click_product_menu()\nroot/pages/products_page.py:48: in click_product_menu\n    self.click(self.products_menu)\nroot/base/base_page.py:98: in click\n    element = WebDriverWait(self.driver, timeout or self.timeout).until(\nvenv/lib/python3.12/site-packages/selenium/webdriver/support/wait.py:129: in until\n    value = method(self._driver)\n            ^^^^^^^^^^^^^^^^^^^^\nvenv/lib/python3.12/site-packages/selenium/webdriver/support/expected_conditions.py:625: in _predicate\n    element = visibility_of(target)(driver)\n              ^^^^^^^^^^^^^^^^^^^^^^^^^^^^^\nvenv/lib/python3.12/site-packages/selenium/webdriver/support/expected_conditions.py:252: in _predicate\n    return _element_if_visible(element)\n           ^^^^^^^^^^^^^^^^^^^^^^^^^^^^\nvenv/lib/python3.12/site-packages/selenium/webdriver/support/expected_conditions.py:272: in _element_if_visible\n    return element if element.is_displayed() == visibility else False\n                      ^^^^^^^^^^^^^^^^^^^^^^\nvenv/lib/python3.12/site-packages/selenium/webdriver/remote/webelement.py:340: in is_displayed\n    return self.parent.execute_script(f\"/* isDisplayed */return ({isDisplayed_js}).apply(null, arguments);\", self)\n           ^^^^^^^^^^^^^^^^^^^^^^^^^^^^^^^^^^^^^^^^^^^^^^^^^^^^^^^^^^^^^^^^^^^^^^^^^^^^^^^^^^^^^^^^^^^^^^^^^^^^^^^\nvenv/lib/python3.12/site-packages/selenium/webdriver/remote/webdriver.py:555: in execute_script\n    return self.execute(command, {\"script\": script, \"args\": converted_args})[\"value\"]\n           ^^^^^^^^^^^^^^^^^^^^^^^^^^^^^^^^^^^^^^^^^^^^^^^^^^^^^^^^^^^^^^^^^\nvenv/lib/python3.12/site-packages/selenium/webdriver/remote/webdriver.py:458: in execute\n    self.error_handler.check_response(response)\nvenv/lib/python3.12/site-packages/selenium/webdriver/remote/errorhandler.py:233: in check_response\n    raise exception_class(message, screen, stacktrace)\nE   selenium.common.exceptions.StaleElementReferenceException: Message: stale element reference: stale element not found\nE     (Session info: chrome=142.0.7444.175); For documentation on this error, please visit: https://www.selenium.dev/documentation/webdriver/troubleshooting/errors#staleelementreferenceexception\nE   Stacktrace:\nE   #0 0x64f2b8e0a38a <unknown>\nE   #1 0x64f2b88c4b0b <unknown>\nE   #2 0x64f2b88d82cb <unknown>\nE   #3 0x64f2b88d709c <unknown>\nE   #4 0x64f2b88cc288 <unknown>\nE   #5 0x64f2b88cc3c2 <unknown>\nE   #6 0x64f2b88ca4bf <unknown>\nE   #7 0x64f2b88ce41c <unknown>\nE   #8 0x64f2b896380e <unknown>\nE   #9 0x64f2b8962748 <unknown>\nE   #10 0x64f2b8908aaf <unknown>\nE   #11 0x64f2b89097b1 <unknown>\nE   #12 0x64f2b8dd40ef <unknown>\nE   #13 0x64f2b8dd71c2 <unknown>\nE   #14 0x64f2b8dbd3a3 <unknown>\nE   #15 0x64f2b8dd7997 <unknown>\nE   #16 0x64f2b8da6ade <unknown>\nE   #17 0x64f2b8df84e8 <unknown>\nE   #18 0x64f2b8df8704 <unknown>\nE   #19 0x64f2b8e0915c <unknown>\nE   #20 0x761a1129caa4 <unknown>\nE   #21 0x761a11329c6c <unknown>","flaky":false,"newFailed":false,"newBroken":false,"newPassed":false,"retriesCount":0,"retriesStatusChange":false,"beforeStages":[{"name":"setup","time":{"start":1764062512023,"stop":1764062513623,"duration":1600},"status":"passed","steps":[],"attachments":[],"parameters":[],"shouldDisplayMessage":false,"stepsCount":0,"attachmentsCount":0,"hasContent":false,"attachmentStep":false}],"testStage":{"status":"broken","statusMessage":"selenium.common.exceptions.StaleElementReferenceException: Message: stale element reference: stale element not found\n  (Session info: chrome=142.0.7444.175); For documentation on this error, please visit: https://www.selenium.dev/documentation/webdriver/troubleshooting/errors#staleelementreferenceexception\nStacktrace:\n#0 0x64f2b8e0a38a <unknown>\n#1 0x64f2b88c4b0b <unknown>\n#2 0x64f2b88d82cb <unknown>\n#3 0x64f2b88d709c <unknown>\n#4 0x64f2b88cc288 <unknown>\n#5 0x64f2b88cc3c2 <unknown>\n#6 0x64f2b88ca4bf <unknown>\n#7 0x64f2b88ce41c <unknown>\n#8 0x64f2b896380e <unknown>\n#9 0x64f2b8962748 <unknown>\n#10 0x64f2b8908aaf <unknown>\n#11 0x64f2b89097b1 <unknown>\n#12 0x64f2b8dd40ef <unknown>\n#13 0x64f2b8dd71c2 <unknown>\n#14 0x64f2b8dbd3a3 <unknown>\n#15 0x64f2b8dd7997 <unknown>\n#16 0x64f2b8da6ade <unknown>\n#17 0x64f2b8df84e8 <unknown>\n#18 0x64f2b8df8704 <unknown>\n#19 0x64f2b8e0915c <unknown>\n#20 0x761a1129caa4 <unknown>\n#21 0x761a11329c6c <unknown>","statusTrace":"root/tests/test_products.py:30: in test_search_product\n    product.click_product_menu()\nroot/pages/products_page.py:48: in click_product_menu\n    self.click(self.products_menu)\nroot/base/base_page.py:98: in click\n    element = WebDriverWait(self.driver, timeout or self.timeout).until(\nvenv/lib/python3.12/site-packages/selenium/webdriver/support/wait.py:129: in until\n    value = method(self._driver)\n            ^^^^^^^^^^^^^^^^^^^^\nvenv/lib/python3.12/site-packages/selenium/webdriver/support/expected_conditions.py:625: in _predicate\n    element = visibility_of(target)(driver)\n              ^^^^^^^^^^^^^^^^^^^^^^^^^^^^^\nvenv/lib/python3.12/site-packages/selenium/webdriver/support/expected_conditions.py:252: in _predicate\n    return _element_if_visible(element)\n           ^^^^^^^^^^^^^^^^^^^^^^^^^^^^\nvenv/lib/python3.12/site-packages/selenium/webdriver/support/expected_conditions.py:272: in _element_if_visible\n    return element if element.is_displayed() == visibility else False\n                      ^^^^^^^^^^^^^^^^^^^^^^\nvenv/lib/python3.12/site-packages/selenium/webdriver/remote/webelement.py:340: in is_displayed\n    return self.parent.execute_script(f\"/* isDisplayed */return ({isDisplayed_js}).apply(null, arguments);\", self)\n           ^^^^^^^^^^^^^^^^^^^^^^^^^^^^^^^^^^^^^^^^^^^^^^^^^^^^^^^^^^^^^^^^^^^^^^^^^^^^^^^^^^^^^^^^^^^^^^^^^^^^^^^\nvenv/lib/python3.12/site-packages/selenium/webdriver/remote/webdriver.py:555: in execute_script\n    return self.execute(command, {\"script\": script, \"args\": converted_args})[\"value\"]\n           ^^^^^^^^^^^^^^^^^^^^^^^^^^^^^^^^^^^^^^^^^^^^^^^^^^^^^^^^^^^^^^^^^\nvenv/lib/python3.12/site-packages/selenium/webdriver/remote/webdriver.py:458: in execute\n    self.error_handler.check_response(response)\nvenv/lib/python3.12/site-packages/selenium/webdriver/remote/errorhandler.py:233: in check_response\n    raise exception_class(message, screen, stacktrace)\nE   selenium.common.exceptions.StaleElementReferenceException: Message: stale element reference: stale element not found\nE     (Session info: chrome=142.0.7444.175); For documentation on this error, please visit: https://www.selenium.dev/documentation/webdriver/troubleshooting/errors#staleelementreferenceexception\nE   Stacktrace:\nE   #0 0x64f2b8e0a38a <unknown>\nE   #1 0x64f2b88c4b0b <unknown>\nE   #2 0x64f2b88d82cb <unknown>\nE   #3 0x64f2b88d709c <unknown>\nE   #4 0x64f2b88cc288 <unknown>\nE   #5 0x64f2b88cc3c2 <unknown>\nE   #6 0x64f2b88ca4bf <unknown>\nE   #7 0x64f2b88ce41c <unknown>\nE   #8 0x64f2b896380e <unknown>\nE   #9 0x64f2b8962748 <unknown>\nE   #10 0x64f2b8908aaf <unknown>\nE   #11 0x64f2b89097b1 <unknown>\nE   #12 0x64f2b8dd40ef <unknown>\nE   #13 0x64f2b8dd71c2 <unknown>\nE   #14 0x64f2b8dbd3a3 <unknown>\nE   #15 0x64f2b8dd7997 <unknown>\nE   #16 0x64f2b8da6ade <unknown>\nE   #17 0x64f2b8df84e8 <unknown>\nE   #18 0x64f2b8df8704 <unknown>\nE   #19 0x64f2b8e0915c <unknown>\nE   #20 0x761a1129caa4 <unknown>\nE   #21 0x761a11329c6c <unknown>","steps":[{"name":"Type ''admin@e2eevershop.com'' into ('xpath', \"//div[@class = 'form-field']//input[@id = 'field-email']\")","time":{"start":1764062513624,"stop":1764062513714,"duration":90},"status":"passed","steps":[{"name":"Wait for visibility of ('xpath', \"//div[@class = 'form-field']//input[@id = 'field-email']\")","time":{"start":1764062513624,"stop":1764062513641,"duration":17},"status":"passed","steps":[],"attachments":[],"parameters":[{"name":"locator","value":"('xpath', \"//div[@class = 'form-field']//input[@id = 'field-email']\")"},{"name":"timeout","value":"None"}],"shouldDisplayMessage":false,"stepsCount":0,"attachmentsCount":0,"hasContent":true,"attachmentStep":false}],"attachments":[],"parameters":[{"name":"locator","value":"('xpath', \"//div[@class = 'form-field']//input[@id = 'field-email']\")"},{"name":"text","value":"'admin@e2eevershop.com'"}],"shouldDisplayMessage":false,"stepsCount":1,"attachmentsCount":0,"hasContent":true,"attachmentStep":false},{"name":"Type ''A0F4IQUHPvgOsZ44'' into ('xpath', \"//div[@class = 'form-field']//input[@id = 'field-password']\")","time":{"start":1764062513714,"stop":1764062513785,"duration":71},"status":"passed","steps":[{"name":"Wait for visibility of ('xpath', \"//div[@class = 'form-field']//input[@id = 'field-password']\")","time":{"start":1764062513714,"stop":1764062513727,"duration":13},"status":"passed","steps":[],"attachments":[],"parameters":[{"name":"locator","value":"('xpath', \"//div[@class = 'form-field']//input[@id = 'field-password']\")"},{"name":"timeout","value":"None"}],"shouldDisplayMessage":false,"stepsCount":0,"attachmentsCount":0,"hasContent":true,"attachmentStep":false}],"attachments":[],"parameters":[{"name":"locator","value":"('xpath', \"//div[@class = 'form-field']//input[@id = 'field-password']\")"},{"name":"text","value":"'A0F4IQUHPvgOsZ44'"}],"shouldDisplayMessage":false,"stepsCount":1,"attachmentsCount":0,"hasContent":true,"attachmentStep":false},{"name":"Click ('xpath', \"//div[@class = 'form-submit-button flex border-t border-divider mt-4 pt-4 justify-between']//button\")","time":{"start":1764062513786,"stop":1764062513845,"duration":59},"status":"passed","steps":[],"attachments":[],"parameters":[{"name":"locator","value":"('xpath', \"//div[@class = 'form-submit-button flex border-t border-divider mt-4 pt-4 justify-between']//button\")"},{"name":"timeout","value":"None"}],"shouldDisplayMessage":false,"stepsCount":0,"attachmentsCount":0,"hasContent":true,"attachmentStep":false},{"name":"Click ('xpath', \"//li[@class='root-nav-item nav-item']//a[@href='https://e2e.evershop.app/admin/products']\")","time":{"start":1764062513845,"stop":1764062514653,"duration":808},"status":"broken","statusMessage":"selenium.common.exceptions.StaleElementReferenceException: Message: stale element reference: stale element not found\n  (Session info: chrome=142.0.7444.175); For documentation on this error, please visit: https://www.selenium.dev/documentation/webdriver/troubleshooting/errors#staleelementreferenceexception\nStacktrace:\n#0 0x64f2b8e0a38a <unknown>\n#1 0x64f2b88c4b0b <unknown>\n#2 0x64f2b88d82cb <unknown>\n#3 0x64f2b88d709c <unknown>\n#4 0x64f2b88cc288 <unknown>\n#5 0x64f2b88cc3c2 <unknown>\n#6 0x64f2b88ca4bf <unknown>\n#7 0x64f2b88ce41c <unknown>\n#8 0x64f2b896380e <unknown>\n#9 0x64f2b8962748 <unknown>\n#10 0x64f2b8908aaf <unknown>\n#11 0x64f2b89097b1 <unknown>\n#12 0x64f2b8dd40ef <unknown>\n#13 0x64f2b8dd71c2 <unknown>\n#14 0x64f2b8dbd3a3 <unknown>\n#15 0x64f2b8dd7997 <unknown>\n#16 0x64f2b8da6ade <unknown>\n#17 0x64f2b8df84e8 <unknown>\n#18 0x64f2b8df8704 <unknown>\n#19 0x64f2b8e0915c <unknown>\n#20 0x761a1129caa4 <unknown>\n#21 0x761a11329c6c <unknown>\n\n","statusTrace":"  File \"/home/thaotran/evershop/venv/lib/python3.12/site-packages/allure_commons/_allure.py\", line 202, in impl\n    return func(*a, **kw)\n           ^^^^^^^^^^^^^^\n  File \"/home/thaotran/evershop/root/base/base_page.py\", line 98, in click\n    element = WebDriverWait(self.driver, timeout or self.timeout).until(\n              ^^^^^^^^^^^^^^^^^^^^^^^^^^^^^^^^^^^^^^^^^^^^^^^^^^^^^^^^^^\n  File \"/home/thaotran/evershop/venv/lib/python3.12/site-packages/selenium/webdriver/support/wait.py\", line 129, in until\n    value = method(self._driver)\n            ^^^^^^^^^^^^^^^^^^^^\n  File \"/home/thaotran/evershop/venv/lib/python3.12/site-packages/selenium/webdriver/support/expected_conditions.py\", line 625, in _predicate\n    element = visibility_of(target)(driver)\n              ^^^^^^^^^^^^^^^^^^^^^^^^^^^^^\n  File \"/home/thaotran/evershop/venv/lib/python3.12/site-packages/selenium/webdriver/support/expected_conditions.py\", line 252, in _predicate\n    return _element_if_visible(element)\n           ^^^^^^^^^^^^^^^^^^^^^^^^^^^^\n  File \"/home/thaotran/evershop/venv/lib/python3.12/site-packages/selenium/webdriver/support/expected_conditions.py\", line 272, in _element_if_visible\n    return element if element.is_displayed() == visibility else False\n                      ^^^^^^^^^^^^^^^^^^^^^^\n  File \"/home/thaotran/evershop/venv/lib/python3.12/site-packages/selenium/webdriver/remote/webelement.py\", line 340, in is_displayed\n    return self.parent.execute_script(f\"/* isDisplayed */return ({isDisplayed_js}).apply(null, arguments);\", self)\n           ^^^^^^^^^^^^^^^^^^^^^^^^^^^^^^^^^^^^^^^^^^^^^^^^^^^^^^^^^^^^^^^^^^^^^^^^^^^^^^^^^^^^^^^^^^^^^^^^^^^^^^^\n  File \"/home/thaotran/evershop/venv/lib/python3.12/site-packages/selenium/webdriver/remote/webdriver.py\", line 555, in execute_script\n    return self.execute(command, {\"script\": script, \"args\": converted_args})[\"value\"]\n           ^^^^^^^^^^^^^^^^^^^^^^^^^^^^^^^^^^^^^^^^^^^^^^^^^^^^^^^^^^^^^^^^^\n  File \"/home/thaotran/evershop/venv/lib/python3.12/site-packages/selenium/webdriver/remote/webdriver.py\", line 458, in execute\n    self.error_handler.check_response(response)\n  File \"/home/thaotran/evershop/venv/lib/python3.12/site-packages/selenium/webdriver/remote/errorhandler.py\", line 233, in check_response\n    raise exception_class(message, screen, stacktrace)\n","steps":[],"attachments":[],"parameters":[{"name":"locator","value":"('xpath', \"//li[@class='root-nav-item nav-item']//a[@href='https://e2e.evershop.app/admin/products']\")"},{"name":"timeout","value":"None"}],"shouldDisplayMessage":true,"stepsCount":0,"attachmentsCount":0,"hasContent":true,"attachmentStep":false}],"attachments":[{"uid":"c2e5555079d7f5ce","name":"failure_test_search_product","source":"c2e5555079d7f5ce.png","type":"image/png","size":46563}],"parameters":[],"shouldDisplayMessage":true,"stepsCount":6,"attachmentsCount":1,"hasContent":true,"attachmentStep":false},"afterStages":[{"name":"setup::0","time":{"start":1764062514803,"stop":1764062514860,"duration":57},"status":"passed","steps":[],"attachments":[],"parameters":[],"shouldDisplayMessage":false,"stepsCount":0,"attachmentsCount":0,"hasContent":false,"attachmentStep":false}],"labels":[{"name":"epic","value":"E-commerce Admin"},{"name":"feature","value":"Product Module"},{"name":"parentSuite","value":"root.tests"},{"name":"suite","value":"test_products"},{"name":"subSuite","value":"TestProducts"},{"name":"host","value":"Thao-QA"},{"name":"thread","value":"176833-MainThread"},{"name":"framework","value":"pytest"},{"name":"language","value":"cpython3"},{"name":"package","value":"root.tests.test_products"},{"name":"resultFormat","value":"allure2"}],"parameters":[],"links":[],"hidden":true,"retry":true,"extra":{"categories":[],"tags":[]},"source":"77efe5cc57bd342f.json","parameterValues":[]}