{"uid":"937840420936448e","name":"TC011 - Login Using ENTER Key","fullName":"root.tests.test_login.TestLogin#test_enter_key_login","historyId":"2915677c5fa2d467d69ce45ae736af32","time":{"start":1764063290113,"stop":1764063322453,"duration":32340},"status":"broken","statusMessage":"selenium.common.exceptions.TimeoutException: Message: \nStacktrace:\n#0 0x5ec26caea38a <unknown>\n#1 0x5ec26c5a4b0b <unknown>\n#2 0x5ec26c5f65b4 <unknown>\n#3 0x5ec26c5f67f1 <unknown>\n#4 0x5ec26c6453e4 <unknown>\n#5 0x5ec26c642748 <unknown>\n#6 0x5ec26c5e8aaf <unknown>\n#7 0x5ec26c5e97b1 <unknown>\n#8 0x5ec26cab40ef <unknown>\n#9 0x5ec26cab71c2 <unknown>\n#10 0x5ec26ca9d3a3 <unknown>\n#11 0x5ec26cab7997 <unknown>\n#12 0x5ec26ca86ade <unknown>\n#13 0x5ec26cad84e8 <unknown>\n#14 0x5ec26cad8704 <unknown>\n#15 0x5ec26cae915c <unknown>\n#16 0x760d1989caa4 <unknown>\n#17 0x760d19929c6c <unknown>","statusTrace":"self = <tests.test_login.TestLogin object at 0x7a1b673b8800>\n\n    @allure.title(\"TC011 - Login Using ENTER Key\")\n    def test_enter_key_login(self):\n        login_page = LoginPage(self.driver)\n        email, password = ConfigReader.get_email_password()\n        login_page.login(email, password, use_enter=True)\n>       login_page.wait_for_dashboard()\n\nroot/tests/test_login.py:110: \n_ _ _ _ _ _ _ _ _ _ _ _ _ _ _ _ _ _ _ _ _ _ _ _ _ _ _ _ _ _ _ _ _ _ _ _ _ _ _ _ _ _ _ _ _ _ _ _ _ _ _ _ _ _ _ _ _ _ _ _ _ _ _ _ _ _ _ _ _ _ _ _ _ _ _ _ _ _ _ _ _ _ _ _ _ _ _ _ _ _ _ _ _ _ _ _\nroot/pages/login_page.py:120: in wait_for_dashboard\n    self.wait_for_visible(self.dashboard_title)\nroot/base/base_page.py:50: in wait_for_visible\n    return WebDriverWait(self.driver, timeout or self.timeout).until(\n_ _ _ _ _ _ _ _ _ _ _ _ _ _ _ _ _ _ _ _ _ _ _ _ _ _ _ _ _ _ _ _ _ _ _ _ _ _ _ _ _ _ _ _ _ _ _ _ _ _ _ _ _ _ _ _ _ _ _ _ _ _ _ _ _ _ _ _ _ _ _ _ _ _ _ _ _ _ _ _ _ _ _ _ _ _ _ _ _ _ _ _ _ _ _ _\n\nself = <selenium.webdriver.support.wait.WebDriverWait (session=\"dfc175db95919fce403fe32c615435cf\")>, method = <function visibility_of_element_located.<locals>._predicate at 0x7a1b673d3920>\nmessage = ''\n\n    def until(self, method: Callable[[D], Union[Literal[False], T]], message: str = \"\") -> T:\n        \"\"\"Wait until the method returns a value that is not False.\n    \n        Calls the method provided with the driver as an argument until the\n        return value does not evaluate to ``False``.\n    \n        Parameters:\n        -----------\n        method: callable(WebDriver)\n            - A callable object that takes a WebDriver instance as an argument.\n    \n        message: str\n            - Optional message for :exc:`TimeoutException`\n    \n        Return:\n        -------\n        object: T\n            - The result of the last call to `method`\n    \n        Raises:\n        -------\n        TimeoutException\n            - If 'method' does not return a truthy value within the WebDriverWait\n            object's timeout\n    \n        Example:\n        --------\n        >>> from selenium.webdriver.common.by import By\n        >>> from selenium.webdriver.support.ui import WebDriverWait\n        >>> from selenium.webdriver.support import expected_conditions as EC\n    \n        # Wait until an element is visible on the page\n        >>> wait = WebDriverWait(driver, 10)\n        >>> element = wait.until(EC.visibility_of_element_located((By.ID, \"exampleId\")))\n        >>> print(element.text)\n        \"\"\"\n        screen = None\n        stacktrace = None\n    \n        end_time = time.monotonic() + self._timeout\n        while True:\n            try:\n                value = method(self._driver)\n                if value:\n                    return value\n            except self._ignored_exceptions as exc:\n                screen = getattr(exc, \"screen\", None)\n                stacktrace = getattr(exc, \"stacktrace\", None)\n            if time.monotonic() > end_time:\n                break\n            time.sleep(self._poll)\n>       raise TimeoutException(message, screen, stacktrace)\nE       selenium.common.exceptions.TimeoutException: Message: \nE       Stacktrace:\nE       #0 0x5ec26caea38a <unknown>\nE       #1 0x5ec26c5a4b0b <unknown>\nE       #2 0x5ec26c5f65b4 <unknown>\nE       #3 0x5ec26c5f67f1 <unknown>\nE       #4 0x5ec26c6453e4 <unknown>\nE       #5 0x5ec26c642748 <unknown>\nE       #6 0x5ec26c5e8aaf <unknown>\nE       #7 0x5ec26c5e97b1 <unknown>\nE       #8 0x5ec26cab40ef <unknown>\nE       #9 0x5ec26cab71c2 <unknown>\nE       #10 0x5ec26ca9d3a3 <unknown>\nE       #11 0x5ec26cab7997 <unknown>\nE       #12 0x5ec26ca86ade <unknown>\nE       #13 0x5ec26cad84e8 <unknown>\nE       #14 0x5ec26cad8704 <unknown>\nE       #15 0x5ec26cae915c <unknown>\nE       #16 0x760d1989caa4 <unknown>\nE       #17 0x760d19929c6c <unknown>\n\nvenv/lib/python3.12/site-packages/selenium/webdriver/support/wait.py:138: TimeoutException","flaky":false,"newFailed":false,"newBroken":false,"newPassed":false,"retriesCount":0,"retriesStatusChange":false,"beforeStages":[{"name":"setup","time":{"start":1764063288287,"stop":1764063290112,"duration":1825},"status":"passed","steps":[],"attachments":[],"parameters":[],"shouldDisplayMessage":false,"stepsCount":0,"attachmentsCount":0,"hasContent":false,"attachmentStep":false}],"testStage":{"status":"broken","statusMessage":"selenium.common.exceptions.TimeoutException: Message: \nStacktrace:\n#0 0x5ec26caea38a <unknown>\n#1 0x5ec26c5a4b0b <unknown>\n#2 0x5ec26c5f65b4 <unknown>\n#3 0x5ec26c5f67f1 <unknown>\n#4 0x5ec26c6453e4 <unknown>\n#5 0x5ec26c642748 <unknown>\n#6 0x5ec26c5e8aaf <unknown>\n#7 0x5ec26c5e97b1 <unknown>\n#8 0x5ec26cab40ef <unknown>\n#9 0x5ec26cab71c2 <unknown>\n#10 0x5ec26ca9d3a3 <unknown>\n#11 0x5ec26cab7997 <unknown>\n#12 0x5ec26ca86ade <unknown>\n#13 0x5ec26cad84e8 <unknown>\n#14 0x5ec26cad8704 <unknown>\n#15 0x5ec26cae915c <unknown>\n#16 0x760d1989caa4 <unknown>\n#17 0x760d19929c6c <unknown>","statusTrace":"self = <tests.test_login.TestLogin object at 0x7a1b673b8800>\n\n    @allure.title(\"TC011 - Login Using ENTER Key\")\n    def test_enter_key_login(self):\n        login_page = LoginPage(self.driver)\n        email, password = ConfigReader.get_email_password()\n        login_page.login(email, password, use_enter=True)\n>       login_page.wait_for_dashboard()\n\nroot/tests/test_login.py:110: \n_ _ _ _ _ _ _ _ _ _ _ _ _ _ _ _ _ _ _ _ _ _ _ _ _ _ _ _ _ _ _ _ _ _ _ _ _ _ _ _ _ _ _ _ _ _ _ _ _ _ _ _ _ _ _ _ _ _ _ _ _ _ _ _ _ _ _ _ _ _ _ _ _ _ _ _ _ _ _ _ _ _ _ _ _ _ _ _ _ _ _ _ _ _ _ _\nroot/pages/login_page.py:120: in wait_for_dashboard\n    self.wait_for_visible(self.dashboard_title)\nroot/base/base_page.py:50: in wait_for_visible\n    return WebDriverWait(self.driver, timeout or self.timeout).until(\n_ _ _ _ _ _ _ _ _ _ _ _ _ _ _ _ _ _ _ _ _ _ _ _ _ _ _ _ _ _ _ _ _ _ _ _ _ _ _ _ _ _ _ _ _ _ _ _ _ _ _ _ _ _ _ _ _ _ _ _ _ _ _ _ _ _ _ _ _ _ _ _ _ _ _ _ _ _ _ _ _ _ _ _ _ _ _ _ _ _ _ _ _ _ _ _\n\nself = <selenium.webdriver.support.wait.WebDriverWait (session=\"dfc175db95919fce403fe32c615435cf\")>, method = <function visibility_of_element_located.<locals>._predicate at 0x7a1b673d3920>\nmessage = ''\n\n    def until(self, method: Callable[[D], Union[Literal[False], T]], message: str = \"\") -> T:\n        \"\"\"Wait until the method returns a value that is not False.\n    \n        Calls the method provided with the driver as an argument until the\n        return value does not evaluate to ``False``.\n    \n        Parameters:\n        -----------\n        method: callable(WebDriver)\n            - A callable object that takes a WebDriver instance as an argument.\n    \n        message: str\n            - Optional message for :exc:`TimeoutException`\n    \n        Return:\n        -------\n        object: T\n            - The result of the last call to `method`\n    \n        Raises:\n        -------\n        TimeoutException\n            - If 'method' does not return a truthy value within the WebDriverWait\n            object's timeout\n    \n        Example:\n        --------\n        >>> from selenium.webdriver.common.by import By\n        >>> from selenium.webdriver.support.ui import WebDriverWait\n        >>> from selenium.webdriver.support import expected_conditions as EC\n    \n        # Wait until an element is visible on the page\n        >>> wait = WebDriverWait(driver, 10)\n        >>> element = wait.until(EC.visibility_of_element_located((By.ID, \"exampleId\")))\n        >>> print(element.text)\n        \"\"\"\n        screen = None\n        stacktrace = None\n    \n        end_time = time.monotonic() + self._timeout\n        while True:\n            try:\n                value = method(self._driver)\n                if value:\n                    return value\n            except self._ignored_exceptions as exc:\n                screen = getattr(exc, \"screen\", None)\n                stacktrace = getattr(exc, \"stacktrace\", None)\n            if time.monotonic() > end_time:\n                break\n            time.sleep(self._poll)\n>       raise TimeoutException(message, screen, stacktrace)\nE       selenium.common.exceptions.TimeoutException: Message: \nE       Stacktrace:\nE       #0 0x5ec26caea38a <unknown>\nE       #1 0x5ec26c5a4b0b <unknown>\nE       #2 0x5ec26c5f65b4 <unknown>\nE       #3 0x5ec26c5f67f1 <unknown>\nE       #4 0x5ec26c6453e4 <unknown>\nE       #5 0x5ec26c642748 <unknown>\nE       #6 0x5ec26c5e8aaf <unknown>\nE       #7 0x5ec26c5e97b1 <unknown>\nE       #8 0x5ec26cab40ef <unknown>\nE       #9 0x5ec26cab71c2 <unknown>\nE       #10 0x5ec26ca9d3a3 <unknown>\nE       #11 0x5ec26cab7997 <unknown>\nE       #12 0x5ec26ca86ade <unknown>\nE       #13 0x5ec26cad84e8 <unknown>\nE       #14 0x5ec26cad8704 <unknown>\nE       #15 0x5ec26cae915c <unknown>\nE       #16 0x760d1989caa4 <unknown>\nE       #17 0x760d19929c6c <unknown>\n\nvenv/lib/python3.12/site-packages/selenium/webdriver/support/wait.py:138: TimeoutException","steps":[{"name":"Type ''admin@e2eevershop.com'' into ('xpath', \"//div[@class = 'form-field']//input[@id = 'field-email']\")","time":{"start":1764063290113,"stop":1764063290225,"duration":112},"status":"passed","steps":[{"name":"Wait for visibility of ('xpath', \"//div[@class = 'form-field']//input[@id = 'field-email']\")","time":{"start":1764063290113,"stop":1764063290134,"duration":21},"status":"passed","steps":[],"attachments":[],"parameters":[{"name":"locator","value":"('xpath', \"//div[@class = 'form-field']//input[@id = 'field-email']\")"},{"name":"timeout","value":"None"}],"shouldDisplayMessage":false,"stepsCount":0,"attachmentsCount":0,"hasContent":true,"attachmentStep":false}],"attachments":[],"parameters":[{"name":"locator","value":"('xpath', \"//div[@class = 'form-field']//input[@id = 'field-email']\")"},{"name":"text","value":"'admin@e2eevershop.com'"}],"shouldDisplayMessage":false,"stepsCount":1,"attachmentsCount":0,"hasContent":true,"attachmentStep":false},{"name":"Type ''1A0F4IQUHPvgOsZ44'' into ('xpath', \"//div[@class = 'form-field']//input[@id = 'field-password']\")","time":{"start":1764063290225,"stop":1764063290303,"duration":78},"status":"passed","steps":[{"name":"Wait for visibility of ('xpath', \"//div[@class = 'form-field']//input[@id = 'field-password']\")","time":{"start":1764063290225,"stop":1764063290241,"duration":16},"status":"passed","steps":[],"attachments":[],"parameters":[{"name":"locator","value":"('xpath', \"//div[@class = 'form-field']//input[@id = 'field-password']\")"},{"name":"timeout","value":"None"}],"shouldDisplayMessage":false,"stepsCount":0,"attachmentsCount":0,"hasContent":true,"attachmentStep":false}],"attachments":[],"parameters":[{"name":"locator","value":"('xpath', \"//div[@class = 'form-field']//input[@id = 'field-password']\")"},{"name":"text","value":"'1A0F4IQUHPvgOsZ44'"}],"shouldDisplayMessage":false,"stepsCount":1,"attachmentsCount":0,"hasContent":true,"attachmentStep":false},{"name":"Wait for presence of ('xpath', \"//div[@class = 'form-submit-button flex border-t border-divider mt-4 pt-4 justify-between']//button\")","time":{"start":1764063290303,"stop":1764063290313,"duration":10},"status":"passed","steps":[],"attachments":[],"parameters":[{"name":"locator","value":"('xpath', \"//div[@class = 'form-submit-button flex border-t border-divider mt-4 pt-4 justify-between']//button\")"},{"name":"timeout","value":"None"}],"shouldDisplayMessage":false,"stepsCount":0,"attachmentsCount":0,"hasContent":true,"attachmentStep":false},{"name":"Wait for visibility of ('xpath', \"//div[@class = 'flex justify-start space-x-2 items-center']\")","time":{"start":1764063290346,"stop":1764063322453,"duration":32107},"status":"broken","statusMessage":"selenium.common.exceptions.TimeoutException: Message: \nStacktrace:\n#0 0x5ec26caea38a <unknown>\n#1 0x5ec26c5a4b0b <unknown>\n#2 0x5ec26c5f65b4 <unknown>\n#3 0x5ec26c5f67f1 <unknown>\n#4 0x5ec26c6453e4 <unknown>\n#5 0x5ec26c642748 <unknown>\n#6 0x5ec26c5e8aaf <unknown>\n#7 0x5ec26c5e97b1 <unknown>\n#8 0x5ec26cab40ef <unknown>\n#9 0x5ec26cab71c2 <unknown>\n#10 0x5ec26ca9d3a3 <unknown>\n#11 0x5ec26cab7997 <unknown>\n#12 0x5ec26ca86ade <unknown>\n#13 0x5ec26cad84e8 <unknown>\n#14 0x5ec26cad8704 <unknown>\n#15 0x5ec26cae915c <unknown>\n#16 0x760d1989caa4 <unknown>\n#17 0x760d19929c6c <unknown>\n\n","statusTrace":"  File \"/home/thaotran/evershop/venv/lib/python3.12/site-packages/allure_commons/_allure.py\", line 202, in impl\n    return func(*a, **kw)\n           ^^^^^^^^^^^^^^\n  File \"/home/thaotran/evershop/root/base/base_page.py\", line 50, in wait_for_visible\n    return WebDriverWait(self.driver, timeout or self.timeout).until(\n           ^^^^^^^^^^^^^^^^^^^^^^^^^^^^^^^^^^^^^^^^^^^^^^^^^^^^^^^^^^\n  File \"/home/thaotran/evershop/venv/lib/python3.12/site-packages/selenium/webdriver/support/wait.py\", line 138, in until\n    raise TimeoutException(message, screen, stacktrace)\n","steps":[],"attachments":[],"parameters":[{"name":"locator","value":"('xpath', \"//div[@class = 'flex justify-start space-x-2 items-center']\")"},{"name":"timeout","value":"None"}],"shouldDisplayMessage":true,"stepsCount":0,"attachmentsCount":0,"hasContent":true,"attachmentStep":false}],"attachments":[{"uid":"b143fbc5fd2a8c83","name":"failure_test_enter_key_login","source":"b143fbc5fd2a8c83.png","type":"image/png","size":22821}],"parameters":[],"shouldDisplayMessage":true,"stepsCount":6,"attachmentsCount":1,"hasContent":true,"attachmentStep":false},"afterStages":[{"name":"setup::0","time":{"start":1764063322488,"stop":1764063322550,"duration":62},"status":"passed","steps":[],"attachments":[],"parameters":[],"shouldDisplayMessage":false,"stepsCount":0,"attachmentsCount":0,"hasContent":false,"attachmentStep":false}],"labels":[{"name":"epic","value":"Evershop Admin"},{"name":"feature","value":"Admin Login"},{"name":"parentSuite","value":"root.tests"},{"name":"suite","value":"test_login"},{"name":"subSuite","value":"TestLogin"},{"name":"host","value":"Thao-QA"},{"name":"thread","value":"203547-MainThread"},{"name":"framework","value":"pytest"},{"name":"language","value":"cpython3"},{"name":"package","value":"root.tests.test_login"},{"name":"resultFormat","value":"allure2"}],"parameters":[],"links":[],"hidden":true,"retry":true,"extra":{"categories":[],"tags":[]},"source":"937840420936448e.json","parameterValues":[]}