{"uid":"a688d5eb5a05c313","name":"test_dummy_login_failed_for_demo","fullName":"root.tests.test_login.TestLogin#test_dummy_login_failed_for_demo","historyId":"744f0dcbbf9347ae8c5e8eaf70a353b6","time":{"start":1763702709725,"stop":1763702709725,"duration":0},"description":"Test fail để xem Allure report có hiện failed không","descriptionHtml":"<p>Test fail để xem Allure report có hiện failed không</p>\n","status":"failed","statusMessage":"AssertionError: assert False","statusTrace":"self = <tests.test_login.TestLogin object at 0x106f35d10>\n\n    @allure.feature(\"Login\")\n    def test_dummy_login_failed_for_demo(self):\n        \"\"\"Test fail để xem Allure report có hiện failed không\"\"\"\n>       assert False\nE       assert False\n\nroot/tests/test_login.py:23: AssertionError","flaky":false,"newFailed":false,"newBroken":false,"newPassed":false,"retriesCount":1,"retriesStatusChange":true,"beforeStages":[{"name":"setup","time":{"start":1763702707985,"stop":1763702709724,"duration":1739},"status":"passed","steps":[],"attachments":[],"parameters":[],"stepsCount":0,"shouldDisplayMessage":false,"attachmentsCount":0,"hasContent":false,"attachmentStep":false}],"testStage":{"description":"Test fail để xem Allure report có hiện failed không","status":"failed","statusMessage":"AssertionError: assert False","statusTrace":"self = <tests.test_login.TestLogin object at 0x106f35d10>\n\n    @allure.feature(\"Login\")\n    def test_dummy_login_failed_for_demo(self):\n        \"\"\"Test fail để xem Allure report có hiện failed không\"\"\"\n>       assert False\nE       assert False\n\nroot/tests/test_login.py:23: AssertionError","steps":[],"attachments":[{"uid":"5b9c57f558d0cda7","name":"failure_test_dummy_login_failed_for_demo","source":"5b9c57f558d0cda7.png","type":"image/png","size":21955}],"parameters":[],"stepsCount":0,"shouldDisplayMessage":true,"attachmentsCount":1,"hasContent":true,"attachmentStep":false},"afterStages":[{"name":"setup::0","time":{"start":1763702709763,"stop":1763702709825,"duration":62},"status":"passed","steps":[],"attachments":[],"parameters":[],"stepsCount":0,"shouldDisplayMessage":false,"attachmentsCount":0,"hasContent":false,"attachmentStep":false}],"labels":[{"name":"feature","value":"Login"},{"name":"feature","value":"Admin Login"},{"name":"epic","value":"Evershop Admin"},{"name":"parentSuite","value":"root.tests"},{"name":"suite","value":"test_login"},{"name":"subSuite","value":"TestLogin"},{"name":"host","value":"192.168.102.11"},{"name":"thread","value":"16468-MainThread"},{"name":"framework","value":"pytest"},{"name":"language","value":"cpython3"},{"name":"package","value":"root.tests.test_login"},{"name":"resultFormat","value":"allure2"}],"parameters":[],"links":[],"hidden":false,"retry":false,"extra":{"severity":"normal","retries":[{"uid":"bd5fda6824e69e05","status":"broken","statusDetails":"TypeError: TestLogin.test_dummy_login_failed_for_demo() takes 0 positional arguments but 1 was given","time":{"start":1763698457167,"stop":1763698457167,"duration":0}}],"categories":[{"name":"Product defects","matchedStatuses":[]}],"tags":[]},"source":"a688d5eb5a05c313.json","parameterValues":[]}